
==========================================================================
finish report_tns
--------------------------------------------------------------------------
tns max 0.00

==========================================================================
finish report_wns
--------------------------------------------------------------------------
wns max 0.00

==========================================================================
finish report_worst_slack
--------------------------------------------------------------------------
worst slack max 0.04

==========================================================================
finish report_clock_min_period
--------------------------------------------------------------------------
clk period_min = 0.91 fmax = 1095.34

==========================================================================
finish report_clock_skew
--------------------------------------------------------------------------
Clock clk
   0.20 source latency sa00_sr[4]$_DFF_P_/CK ^
  -0.18 target latency sa31_sr[1]$_DFF_P_/CK ^
   0.00 CRPR
--------------
   0.01 setup skew


==========================================================================
finish report_checks -path_delay min
--------------------------------------------------------------------------
Startpoint: text_in[123] (input port clocked by clk)
Endpoint: text_in_r[123]$_DFFE_PP_
          (rising edge-triggered flip-flop clocked by clk)
Path Group: clk
Path Type: min

Fanout     Cap    Slew   Delay    Time   Description
-----------------------------------------------------------------------------
                          0.00    0.00   clock clk (rise edge)
                          0.00    0.00   clock network delay (propagated)
                          0.19    0.19 ^ input external delay
     1    1.80    0.00    0.00    0.19 ^ text_in[123] (in)
                                         text_in[123] (net)
                  0.00    0.00    0.19 ^ input157/A (BUF_X1)
     1    1.04    0.01    0.02    0.21 ^ input157/Z (BUF_X1)
                                         net157 (net)
                  0.01    0.00    0.21 ^ _22165_/B (MUX2_X1)
     1    1.25    0.01    0.03    0.24 ^ _22165_/Z (MUX2_X1)
                                         _11321_ (net)
                  0.01    0.00    0.24 ^ text_in_r[123]$_DFFE_PP_/D (DFF_X1)
                                  0.24   data arrival time

                          0.00    0.00   clock clk (rise edge)
                          0.00    0.00   clock source latency
     1   17.74    0.00    0.00    0.00 ^ clk (in)
                                         clk (net)
                  0.00    0.00    0.00 ^ clkbuf_0_clk/A (CLKBUF_X3)
     8   50.41    0.04    0.06    0.07 ^ clkbuf_0_clk/Z (CLKBUF_X3)
                                         clknet_0_clk (net)
                  0.04    0.00    0.07 ^ clkbuf_3_0__f_clk/A (CLKBUF_X3)
    17   47.94    0.04    0.08    0.15 ^ clkbuf_3_0__f_clk/Z (CLKBUF_X3)
                                         clknet_3_0__leaf_clk (net)
                  0.04    0.00    0.15 ^ clkbuf_leaf_71_clk/A (CLKBUF_X3)
     8   10.61    0.01    0.05    0.20 ^ clkbuf_leaf_71_clk/Z (CLKBUF_X3)
                                         clknet_leaf_71_clk (net)
                  0.01    0.00    0.20 ^ text_in_r[123]$_DFFE_PP_/CK (DFF_X1)
                          0.00    0.20   clock reconvergence pessimism
                          0.01    0.21   library hold time
                                  0.21   data required time
-----------------------------------------------------------------------------
                                  0.21   data required time
                                 -0.24   data arrival time
-----------------------------------------------------------------------------
                                  0.03   slack (MET)



==========================================================================
finish report_checks -path_delay max
--------------------------------------------------------------------------
Startpoint: sa30_sr[1]$_DFF_P_ (rising edge-triggered flip-flop clocked by clk)
Endpoint: sa31_sr[1]$_DFF_P_ (rising edge-triggered flip-flop clocked by clk)
Path Group: clk
Path Type: max

Fanout     Cap    Slew   Delay    Time   Description
-----------------------------------------------------------------------------
                          0.00    0.00   clock clk (rise edge)
                          0.00    0.00   clock source latency
     1   17.74    0.00    0.00    0.00 ^ clk (in)
                                         clk (net)
                  0.00    0.00    0.00 ^ clkbuf_0_clk/A (CLKBUF_X3)
     8   50.41    0.04    0.06    0.07 ^ clkbuf_0_clk/Z (CLKBUF_X3)
                                         clknet_0_clk (net)
                  0.04    0.00    0.07 ^ clkbuf_3_2__f_clk/A (CLKBUF_X3)
     9   37.99    0.03    0.07    0.14 ^ clkbuf_3_2__f_clk/Z (CLKBUF_X3)
                                         clknet_3_2__leaf_clk (net)
                  0.03    0.00    0.14 ^ clkbuf_leaf_86_clk/A (CLKBUF_X3)
     8    9.41    0.01    0.04    0.18 ^ clkbuf_leaf_86_clk/Z (CLKBUF_X3)
                                         clknet_leaf_86_clk (net)
                  0.01    0.00    0.18 ^ sa30_sr[1]$_DFF_P_/CK (DFF_X1)
     4   28.01    0.06    0.15    0.33 ^ sa30_sr[1]$_DFF_P_/Q (DFF_X1)
                                         _00741_ (net)
                  0.06    0.00    0.33 ^ _12270_/B (XNOR2_X1)
     3    7.70    0.03    0.05    0.38 v _12270_/ZN (XNOR2_X1)
                                         _01426_ (net)
                  0.03    0.00    0.38 v _12271_/B (XNOR2_X1)
     1    2.57    0.02    0.05    0.43 v _12271_/ZN (XNOR2_X1)
                                         _01427_ (net)
                  0.02    0.00    0.43 v _12272_/B (XNOR2_X1)
     1   16.79    0.09    0.11    0.54 ^ _12272_/ZN (XNOR2_X1)
                                         _01428_ (net)
                  0.09    0.00    0.54 ^ _12273_/A (MUX2_X1)
     2    8.61    0.02    0.07    0.61 ^ _12273_/Z (MUX2_X1)
                                         _01429_ (net)
                  0.02    0.00    0.61 ^ _12275_/B (XOR2_X2)
    14   31.74    0.08    0.12    0.73 ^ _12275_/Z (XOR2_X2)
                                         _01431_ (net)
                  0.08    0.00    0.74 ^ place3841/A (BUF_X2)
     8   16.51    0.02    0.05    0.78 ^ place3841/Z (BUF_X2)
                                         net3841 (net)
                  0.02    0.00    0.79 ^ _15709_/A2 (NOR2_X1)
     4    8.70    0.02    0.02    0.81 v _15709_/ZN (NOR2_X1)
                                         _04865_ (net)
                  0.02    0.00    0.81 v _15710_/A (AOI21_X1)
     1    3.29    0.03    0.05    0.86 ^ _15710_/ZN (AOI21_X1)
                                         _04866_ (net)
                  0.03    0.00    0.86 ^ _15711_/B1 (OAI22_X1)
     1    1.80    0.02    0.02    0.89 v _15711_/ZN (OAI22_X1)
                                         _04867_ (net)
                  0.02    0.00    0.89 v _15715_/B1 (AOI221_X1)
     1    2.11    0.04    0.08    0.96 ^ _15715_/ZN (AOI221_X1)
                                         _04871_ (net)
                  0.04    0.00    0.96 ^ _15716_/A (INV_X1)
     1    2.04    0.01    0.01    0.97 v _15716_/ZN (INV_X1)
                                         _04872_ (net)
                  0.01    0.00    0.97 v _15773_/B2 (OAI221_X1)
     1    2.11    0.04    0.05    1.03 ^ _15773_/ZN (OAI221_X1)
                                         _04929_ (net)
                  0.04    0.00    1.03 ^ _15774_/A1 (AND2_X1)
     1    1.23    0.01    0.04    1.07 ^ _15774_/ZN (AND2_X1)
                                         _04930_ (net)
                  0.01    0.00    1.07 ^ sa31_sr[1]$_DFF_P_/D (DFF_X1)
                                  1.07   data arrival time

                          0.95    0.95   clock clk (rise edge)
                          0.00    0.95   clock source latency
     1   17.74    0.00    0.00    0.95 ^ clk (in)
                                         clk (net)
                  0.00    0.00    0.95 ^ clkbuf_0_clk/A (CLKBUF_X3)
     8   50.41    0.04    0.06    1.02 ^ clkbuf_0_clk/Z (CLKBUF_X3)
                                         clknet_0_clk (net)
                  0.04    0.00    1.02 ^ clkbuf_3_7__f_clk/A (CLKBUF_X3)
    12   39.27    0.03    0.07    1.09 ^ clkbuf_3_7__f_clk/Z (CLKBUF_X3)
                                         clknet_3_7__leaf_clk (net)
                  0.03    0.00    1.09 ^ clkbuf_leaf_38_clk/A (CLKBUF_X3)
     4    7.05    0.01    0.04    1.13 ^ clkbuf_leaf_38_clk/Z (CLKBUF_X3)
                                         clknet_leaf_38_clk (net)
                  0.01    0.00    1.13 ^ sa31_sr[1]$_DFF_P_/CK (DFF_X1)
                          0.00    1.13   clock reconvergence pessimism
                         -0.03    1.10   library setup time
                                  1.10   data required time
-----------------------------------------------------------------------------
                                  1.10   data required time
                                 -1.07   data arrival time
-----------------------------------------------------------------------------
                                  0.04   slack (MET)



==========================================================================
finish report_checks -unconstrained
--------------------------------------------------------------------------
Startpoint: sa30_sr[1]$_DFF_P_ (rising edge-triggered flip-flop clocked by clk)
Endpoint: sa31_sr[1]$_DFF_P_ (rising edge-triggered flip-flop clocked by clk)
Path Group: clk
Path Type: max

Fanout     Cap    Slew   Delay    Time   Description
-----------------------------------------------------------------------------
                          0.00    0.00   clock clk (rise edge)
                          0.00    0.00   clock source latency
     1   17.74    0.00    0.00    0.00 ^ clk (in)
                                         clk (net)
                  0.00    0.00    0.00 ^ clkbuf_0_clk/A (CLKBUF_X3)
     8   50.41    0.04    0.06    0.07 ^ clkbuf_0_clk/Z (CLKBUF_X3)
                                         clknet_0_clk (net)
                  0.04    0.00    0.07 ^ clkbuf_3_2__f_clk/A (CLKBUF_X3)
     9   37.99    0.03    0.07    0.14 ^ clkbuf_3_2__f_clk/Z (CLKBUF_X3)
                                         clknet_3_2__leaf_clk (net)
                  0.03    0.00    0.14 ^ clkbuf_leaf_86_clk/A (CLKBUF_X3)
     8    9.41    0.01    0.04    0.18 ^ clkbuf_leaf_86_clk/Z (CLKBUF_X3)
                                         clknet_leaf_86_clk (net)
                  0.01    0.00    0.18 ^ sa30_sr[1]$_DFF_P_/CK (DFF_X1)
     4   28.01    0.06    0.15    0.33 ^ sa30_sr[1]$_DFF_P_/Q (DFF_X1)
                                         _00741_ (net)
                  0.06    0.00    0.33 ^ _12270_/B (XNOR2_X1)
     3    7.70    0.03    0.05    0.38 v _12270_/ZN (XNOR2_X1)
                                         _01426_ (net)
                  0.03    0.00    0.38 v _12271_/B (XNOR2_X1)
     1    2.57    0.02    0.05    0.43 v _12271_/ZN (XNOR2_X1)
                                         _01427_ (net)
                  0.02    0.00    0.43 v _12272_/B (XNOR2_X1)
     1   16.79    0.09    0.11    0.54 ^ _12272_/ZN (XNOR2_X1)
                                         _01428_ (net)
                  0.09    0.00    0.54 ^ _12273_/A (MUX2_X1)
     2    8.61    0.02    0.07    0.61 ^ _12273_/Z (MUX2_X1)
                                         _01429_ (net)
                  0.02    0.00    0.61 ^ _12275_/B (XOR2_X2)
    14   31.74    0.08    0.12    0.73 ^ _12275_/Z (XOR2_X2)
                                         _01431_ (net)
                  0.08    0.00    0.74 ^ place3841/A (BUF_X2)
     8   16.51    0.02    0.05    0.78 ^ place3841/Z (BUF_X2)
                                         net3841 (net)
                  0.02    0.00    0.79 ^ _15709_/A2 (NOR2_X1)
     4    8.70    0.02    0.02    0.81 v _15709_/ZN (NOR2_X1)
                                         _04865_ (net)
                  0.02    0.00    0.81 v _15710_/A (AOI21_X1)
     1    3.29    0.03    0.05    0.86 ^ _15710_/ZN (AOI21_X1)
                                         _04866_ (net)
                  0.03    0.00    0.86 ^ _15711_/B1 (OAI22_X1)
     1    1.80    0.02    0.02    0.89 v _15711_/ZN (OAI22_X1)
                                         _04867_ (net)
                  0.02    0.00    0.89 v _15715_/B1 (AOI221_X1)
     1    2.11    0.04    0.08    0.96 ^ _15715_/ZN (AOI221_X1)
                                         _04871_ (net)
                  0.04    0.00    0.96 ^ _15716_/A (INV_X1)
     1    2.04    0.01    0.01    0.97 v _15716_/ZN (INV_X1)
                                         _04872_ (net)
                  0.01    0.00    0.97 v _15773_/B2 (OAI221_X1)
     1    2.11    0.04    0.05    1.03 ^ _15773_/ZN (OAI221_X1)
                                         _04929_ (net)
                  0.04    0.00    1.03 ^ _15774_/A1 (AND2_X1)
     1    1.23    0.01    0.04    1.07 ^ _15774_/ZN (AND2_X1)
                                         _04930_ (net)
                  0.01    0.00    1.07 ^ sa31_sr[1]$_DFF_P_/D (DFF_X1)
                                  1.07   data arrival time

                          0.95    0.95   clock clk (rise edge)
                          0.00    0.95   clock source latency
     1   17.74    0.00    0.00    0.95 ^ clk (in)
                                         clk (net)
                  0.00    0.00    0.95 ^ clkbuf_0_clk/A (CLKBUF_X3)
     8   50.41    0.04    0.06    1.02 ^ clkbuf_0_clk/Z (CLKBUF_X3)
                                         clknet_0_clk (net)
                  0.04    0.00    1.02 ^ clkbuf_3_7__f_clk/A (CLKBUF_X3)
    12   39.27    0.03    0.07    1.09 ^ clkbuf_3_7__f_clk/Z (CLKBUF_X3)
                                         clknet_3_7__leaf_clk (net)
                  0.03    0.00    1.09 ^ clkbuf_leaf_38_clk/A (CLKBUF_X3)
     4    7.05    0.01    0.04    1.13 ^ clkbuf_leaf_38_clk/Z (CLKBUF_X3)
                                         clknet_leaf_38_clk (net)
                  0.01    0.00    1.13 ^ sa31_sr[1]$_DFF_P_/CK (DFF_X1)
                          0.00    1.13   clock reconvergence pessimism
                         -0.03    1.10   library setup time
                                  1.10   data required time
-----------------------------------------------------------------------------
                                  1.10   data required time
                                 -1.07   data arrival time
-----------------------------------------------------------------------------
                                  0.04   slack (MET)



==========================================================================
finish report_check_types -max_slew -max_cap -max_fanout -violators
--------------------------------------------------------------------------

==========================================================================
finish max_slew_check_slack
--------------------------------------------------------------------------
0.07616075873374939

==========================================================================
finish max_slew_check_limit
--------------------------------------------------------------------------
0.1985349953174591

==========================================================================
finish max_slew_check_slack_limit
--------------------------------------------------------------------------
0.3836

==========================================================================
finish max_fanout_check_slack
--------------------------------------------------------------------------
1.0000000150474662e+30

==========================================================================
finish max_fanout_check_limit
--------------------------------------------------------------------------
1.0000000150474662e+30

==========================================================================
finish max_capacitance_check_slack
--------------------------------------------------------------------------
0.9016462564468384

==========================================================================
finish max_capacitance_check_limit
--------------------------------------------------------------------------
26.016199111938477

==========================================================================
finish max_capacitance_check_slack_limit
--------------------------------------------------------------------------
0.0347

==========================================================================
finish max_slew_violation_count
--------------------------------------------------------------------------
max slew violation count 0

==========================================================================
finish max_fanout_violation_count
--------------------------------------------------------------------------
max fanout violation count 0

==========================================================================
finish max_cap_violation_count
--------------------------------------------------------------------------
max cap violation count 0

==========================================================================
finish setup_violation_count
--------------------------------------------------------------------------
setup violation count 0

==========================================================================
finish hold_violation_count
--------------------------------------------------------------------------
hold violation count 0

==========================================================================
finish report_checks -path_delay max reg to reg
--------------------------------------------------------------------------
Startpoint: sa30_sr[1]$_DFF_P_ (rising edge-triggered flip-flop clocked by clk)
Endpoint: sa31_sr[1]$_DFF_P_ (rising edge-triggered flip-flop clocked by clk)
Path Group: clk
Path Type: max

  Delay    Time   Description
---------------------------------------------------------
   0.00    0.00   clock clk (rise edge)
   0.00    0.00   clock source latency
   0.00    0.00 ^ clk (in)
   0.07    0.07 ^ clkbuf_0_clk/Z (CLKBUF_X3)
   0.07    0.14 ^ clkbuf_3_2__f_clk/Z (CLKBUF_X3)
   0.04    0.18 ^ clkbuf_leaf_86_clk/Z (CLKBUF_X3)
   0.00    0.18 ^ sa30_sr[1]$_DFF_P_/CK (DFF_X1)
   0.15    0.33 ^ sa30_sr[1]$_DFF_P_/Q (DFF_X1)
   0.05    0.38 v _12270_/ZN (XNOR2_X1)
   0.05    0.43 v _12271_/ZN (XNOR2_X1)
   0.11    0.54 ^ _12272_/ZN (XNOR2_X1)
   0.07    0.61 ^ _12273_/Z (MUX2_X1)
   0.12    0.73 ^ _12275_/Z (XOR2_X2)
   0.05    0.78 ^ place3841/Z (BUF_X2)
   0.02    0.81 v _15709_/ZN (NOR2_X1)
   0.05    0.86 ^ _15710_/ZN (AOI21_X1)
   0.02    0.89 v _15711_/ZN (OAI22_X1)
   0.08    0.96 ^ _15715_/ZN (AOI221_X1)
   0.01    0.97 v _15716_/ZN (INV_X1)
   0.05    1.03 ^ _15773_/ZN (OAI221_X1)
   0.04    1.07 ^ _15774_/ZN (AND2_X1)
   0.00    1.07 ^ sa31_sr[1]$_DFF_P_/D (DFF_X1)
           1.07   data arrival time

   0.95    0.95   clock clk (rise edge)
   0.00    0.95   clock source latency
   0.00    0.95 ^ clk (in)
   0.07    1.02 ^ clkbuf_0_clk/Z (CLKBUF_X3)
   0.07    1.09 ^ clkbuf_3_7__f_clk/Z (CLKBUF_X3)
   0.04    1.13 ^ clkbuf_leaf_38_clk/Z (CLKBUF_X3)
   0.00    1.13 ^ sa31_sr[1]$_DFF_P_/CK (DFF_X1)
   0.00    1.13   clock reconvergence pessimism
  -0.03    1.10   library setup time
           1.10   data required time
---------------------------------------------------------
           1.10   data required time
          -1.07   data arrival time
---------------------------------------------------------
           0.04   slack (MET)



==========================================================================
finish report_checks -path_delay min reg to reg
--------------------------------------------------------------------------
Startpoint: u0.r0.rcnt[0]$_SDFF_PP0_
            (rising edge-triggered flip-flop clocked by clk)
Endpoint: u0.r0.out[25]$_SDFF_PP0_
          (rising edge-triggered flip-flop clocked by clk)
Path Group: clk
Path Type: min

  Delay    Time   Description
---------------------------------------------------------
   0.00    0.00   clock clk (rise edge)
   0.00    0.00   clock source latency
   0.00    0.00 ^ clk (in)
   0.07    0.07 ^ clkbuf_0_clk/Z (CLKBUF_X3)
   0.08    0.15 ^ clkbuf_3_0__f_clk/Z (CLKBUF_X3)
   0.05    0.20 ^ clkbuf_leaf_78_clk/Z (CLKBUF_X3)
   0.00    0.20 ^ u0.r0.rcnt[0]$_SDFF_PP0_/CK (DFF_X1)
   0.07    0.27 ^ u0.r0.rcnt[0]$_SDFF_PP0_/QN (DFF_X1)
   0.01    0.28 v _14521_/ZN (INV_X1)
   0.03    0.31 ^ _22062_/ZN (AOI21_X1)
   0.00    0.31 ^ u0.r0.out[25]$_SDFF_PP0_/D (DFF_X1)
           0.31   data arrival time

   0.00    0.00   clock clk (rise edge)
   0.00    0.00   clock source latency
   0.00    0.00 ^ clk (in)
   0.07    0.07 ^ clkbuf_0_clk/Z (CLKBUF_X3)
   0.08    0.15 ^ clkbuf_3_0__f_clk/Z (CLKBUF_X3)
   0.05    0.20 ^ clkbuf_leaf_78_clk/Z (CLKBUF_X3)
   0.00    0.20 ^ u0.r0.out[25]$_SDFF_PP0_/CK (DFF_X1)
   0.00    0.20   clock reconvergence pessimism
   0.01    0.21   library hold time
           0.21   data required time
---------------------------------------------------------
           0.21   data required time
          -0.31   data arrival time
---------------------------------------------------------
           0.10   slack (MET)



==========================================================================
finish critical path target clock latency max path
--------------------------------------------------------------------------
0.1865

==========================================================================
finish critical path target clock latency min path
--------------------------------------------------------------------------
0.1971

==========================================================================
finish critical path source clock latency min path
--------------------------------------------------------------------------
0.0000

==========================================================================
finish critical path delay
--------------------------------------------------------------------------
1.0657

==========================================================================
finish critical path slack
--------------------------------------------------------------------------
0.0370

==========================================================================
finish slack div critical path delay
--------------------------------------------------------------------------
3.471896

==========================================================================
finish report_power
--------------------------------------------------------------------------
Group                  Internal  Switching    Leakage      Total
                          Power      Power      Power      Power (Watts)
----------------------------------------------------------------
Sequential             8.16e-03   3.00e-03   4.45e-05   1.12e-02   3.2%
Combinational          1.47e-01   1.87e-01   3.67e-04   3.34e-01  95.9%
Clock                  1.47e-03   1.71e-03   5.00e-06   3.19e-03   0.9%
Macro                  0.00e+00   0.00e+00   0.00e+00   0.00e+00   0.0%
Pad                    0.00e+00   0.00e+00   0.00e+00   0.00e+00   0.0%
----------------------------------------------------------------
Total                  1.56e-01   1.91e-01   4.16e-04   3.48e-01 100.0%
                          44.9%      55.0%       0.1%
