OpenROAD 08f67ee5ecd14db5a42be8c610bbfd1ccf079299 
Features included (+) or not (-): +GPU +GUI +Python
This program is licensed under the BSD-3 license. See the LICENSE file for details.
Components of this program may be licensed under more restrictive licenses which must be honored.
[INFO ORD-0030] Using 16 thread(s).
read_liberty /home/yuexi/OpenROAD-flow-scripts/flow/platforms/nangate45/lib/NangateOpenCellLibrary_typical.lib
read_db -hier ./results/nangate45/aes/base/6_1_fill.odb
[WARNING ORD-0012] Hierarchical flow (-hier) is currently in development and may cause multiple issues. Do not use in production environments.
read_sdc ./results/nangate45/aes/base/6_1_fill.sdc
source /home/yuexi/OpenROAD-flow-scripts/flow/platforms/nangate45/setRC.tcl
write_db ./results/nangate45/aes/base/6_final.odb
Deleted 0 routing obstructions
[INFO RCX-0431] Defined process_corner X with ext_model_index 0
[INFO RCX-0029] Defined extraction corner X
[INFO RCX-0435] Reading extraction model file /home/yuexi/OpenROAD-flow-scripts/flow/platforms/nangate45/rcx_patterns.rules ...
[INFO RCX-0436] RC segment generation aes_cipher_top (max_merge_res 50.0) ...
[INFO RCX-0040] Final 61868 rc segments
[INFO RCX-0439] Coupling Cap extraction aes_cipher_top ...
[INFO RCX-0440] Coupling threshhold is 0.1000 fF, coupling capacitance less than 0.1000 fF will be grounded.
[INFO RCX-0442] 46% of 112116 wires extracted
[INFO RCX-0442] 100% of 112116 wires extracted
[INFO RCX-0045] Extract 13861 nets, 75172 rsegs, 75172 caps, 185466 ccs
[INFO RCX-0443] 13861 nets finished
[INFO PSM-0040] All shapes on net VDD are connected.
########## IR report #################
Net              : VDD
Corner           : default
Total power      : 3.48e-01 W
Supply voltage   : 1.10e+00 V
Worstcase voltage: 1.02e+00 V
Average voltage  : 1.06e+00 V
Average IR drop  : 4.42e-02 V
Worstcase IR drop: 8.18e-02 V
Percentage drop  : 7.44 %
######################################
[INFO PSM-0040] All shapes on net VSS are connected.
########## IR report #################
Net              : VSS
Corner           : default
Total power      : 3.48e-01 W
Supply voltage   : 0.00e+00 V
Worstcase voltage: 7.82e-02 V
Average voltage  : 3.99e-02 V
Average IR drop  : 3.99e-02 V
Worstcase IR drop: 7.82e-02 V
Percentage drop  : 7.11 %
######################################
Cell type report:                       Count       Area
  Fill cell                             16501   35422.69
  Tap cell                                411     109.33
  Clock buffer                            131     161.46
  Timing Repair Buffer                   1523    1457.15
  Inverter                                106      66.23
  Clock inverter                           54      41.50
  Sequential cell                         562    2541.90
  Multi-Input combinational cell        10738   12984.79
  Total                                 30026   52785.04
Report metrics stage 6, finish...

==========================================================================
finish report_design_area
--------------------------------------------------------------------------
Design area 17362 um^2 33% utilization.
[WARNING GUI-0066] Heat map "IR Drop" has not been populated with data.
[WARNING GUI-0066] Heat map "Routing Congestion" has not been populated with data.
Elapsed time: 0:14.71[h:]min:sec. CPU time: user 17.84 sys 4.42 (151%). Peak memory: 503168KB.
Log                       Ext     Elapsed/s Peak Memory/MB sha1sum result [0:20)
6_report                                 14            491                  N/A
