
==========================================================================
finish report_tns
--------------------------------------------------------------------------
tns max -0.23

==========================================================================
finish report_wns
--------------------------------------------------------------------------
wns max -0.03

==========================================================================
finish report_worst_slack
--------------------------------------------------------------------------
worst slack max -0.03

==========================================================================
finish report_clock_min_period
--------------------------------------------------------------------------
clk period_min = 0.85 fmax = 1174.17

==========================================================================
finish report_clock_skew
--------------------------------------------------------------------------
Clock clk
   0.20 source latency u0.w[3][28]$_DFF_P_/CK ^
  -0.15 target latency text_out[28]$_DFF_P_/CK ^
   0.00 CRPR
--------------
   0.05 setup skew


==========================================================================
finish report_checks -path_delay min
--------------------------------------------------------------------------
Startpoint: text_in[106] (input port clocked by clk)
Endpoint: text_in_r[106]$_DFFE_PP_
          (rising edge-triggered flip-flop clocked by clk)
Path Group: clk
Path Type: min

Fanout     Cap    Slew   Delay    Time   Description
-----------------------------------------------------------------------------
                          0.00    0.00   clock clk (rise edge)
                          0.00    0.00   clock network delay (propagated)
                          0.16    0.16 ^ input external delay
     1    3.28    0.00    0.00    0.16 ^ text_in[106] (in)
                                         text_in[106] (net)
                  0.00    0.00    0.16 ^ input138/A (BUF_X1)
     1    1.14    0.01    0.02    0.18 ^ input138/Z (BUF_X1)
                                         net138 (net)
                  0.01    0.00    0.18 ^ _22184_/B (MUX2_X1)
     1    1.22    0.01    0.03    0.21 ^ _22184_/Z (MUX2_X1)
                                         _11340_ (net)
                  0.01    0.00    0.21 ^ text_in_r[106]$_DFFE_PP_/D (DFF_X1)
                                  0.21   data arrival time

                          0.00    0.00   clock clk (rise edge)
                          0.00    0.00   clock source latency
     1   17.89    0.00    0.00    0.00 ^ clk (in)
                                         clk (net)
                  0.00    0.00    0.00 ^ clkbuf_0_clk/A (CLKBUF_X3)
     8   53.02    0.04    0.07    0.07 ^ clkbuf_0_clk/Z (CLKBUF_X3)
                                         clknet_0_clk (net)
                  0.04    0.00    0.07 ^ clkbuf_3_6__f_clk/A (CLKBUF_X3)
    14   46.76    0.04    0.08    0.15 ^ clkbuf_3_6__f_clk/Z (CLKBUF_X3)
                                         clknet_3_6__leaf_clk (net)
                  0.04    0.00    0.15 ^ clkbuf_leaf_32_clk/A (CLKBUF_X3)
     7    9.08    0.01    0.05    0.20 ^ clkbuf_leaf_32_clk/Z (CLKBUF_X3)
                                         clknet_leaf_32_clk (net)
                  0.01    0.00    0.20 ^ text_in_r[106]$_DFFE_PP_/CK (DFF_X1)
                          0.00    0.20   clock reconvergence pessimism
                          0.01    0.20   library hold time
                                  0.20   data required time
-----------------------------------------------------------------------------
                                  0.20   data required time
                                 -0.21   data arrival time
-----------------------------------------------------------------------------
                                  0.01   slack (MET)



==========================================================================
finish report_checks -path_delay max
--------------------------------------------------------------------------
Startpoint: u0.r0.out[24]$_SDFF_PP1_
            (rising edge-triggered flip-flop clocked by clk)
Endpoint: u0.u3.d[5]$_DFF_P_ (rising edge-triggered flip-flop clocked by clk)
Path Group: clk
Path Type: max

Fanout     Cap    Slew   Delay    Time   Description
-----------------------------------------------------------------------------
                          0.00    0.00   clock clk (rise edge)
                          0.00    0.00   clock source latency
     1   17.89    0.00    0.00    0.00 ^ clk (in)
                                         clk (net)
                  0.00    0.00    0.00 ^ clkbuf_0_clk/A (CLKBUF_X3)
     8   53.02    0.04    0.07    0.07 ^ clkbuf_0_clk/Z (CLKBUF_X3)
                                         clknet_0_clk (net)
                  0.04    0.00    0.07 ^ clkbuf_3_0__f_clk/A (CLKBUF_X3)
    11   42.93    0.03    0.07    0.15 ^ clkbuf_3_0__f_clk/Z (CLKBUF_X3)
                                         clknet_3_0__leaf_clk (net)
                  0.03    0.00    0.15 ^ clkbuf_leaf_91_clk/A (CLKBUF_X3)
     7    8.68    0.01    0.04    0.19 ^ clkbuf_leaf_91_clk/Z (CLKBUF_X3)
                                         clknet_leaf_91_clk (net)
                  0.01    0.00    0.19 ^ u0.r0.out[24]$_SDFF_PP1_/CK (DFF_X1)
     1    2.50    0.01    0.09    0.28 v u0.r0.out[24]$_SDFF_PP1_/Q (DFF_X1)
                                         _00703_ (net)
                  0.01    0.00    0.28 v _18500_/B (XNOR2_X1)
     2   13.20    0.07    0.09    0.37 ^ _18500_/ZN (XNOR2_X1)
                                         _07656_ (net)
                  0.07    0.00    0.37 ^ _19719_/A (XNOR2_X1)
     2    4.10    0.02    0.03    0.40 v _19719_/ZN (XNOR2_X1)
                                         _08875_ (net)
                  0.02    0.00    0.40 v _20436_/B (XNOR2_X1)
     2   23.76    0.12    0.15    0.55 ^ _20436_/ZN (XNOR2_X1)
                                         _09592_ (net)
                  0.12    0.00    0.55 ^ _21250_/B (XOR2_X1)
     2    3.21    0.03    0.07    0.62 ^ _21250_/Z (XOR2_X1)
                                         _10406_ (net)
                  0.03    0.00    0.62 ^ _21260_/B (MUX2_X2)
    13   39.41    0.05    0.08    0.70 ^ _21260_/Z (MUX2_X2)
                                         _10416_ (net)
                  0.05    0.00    0.70 ^ _21256_/A (INV_X8)
    47   97.60    0.02    0.03    0.73 v _21256_/ZN (INV_X8)
                                         _10412_ (net)
                  0.03    0.02    0.75 v _18098_/A1 (NAND2_X1)
     5    9.40    0.03    0.04    0.79 ^ _18098_/ZN (NAND2_X1)
                                         _07254_ (net)
                  0.03    0.00    0.79 ^ _18388_/A1 (AND2_X1)
     1    1.94    0.01    0.04    0.83 ^ _18388_/ZN (AND2_X1)
                                         _07544_ (net)
                  0.01    0.00    0.83 ^ _18389_/S (MUX2_X1)
     1    1.73    0.01    0.06    0.89 v _18389_/Z (MUX2_X1)
                                         _07545_ (net)
                  0.01    0.00    0.89 v _18392_/B1 (OAI21_X1)
     1    2.08    0.02    0.03    0.92 ^ _18392_/ZN (OAI21_X1)
                                         _07548_ (net)
                  0.02    0.00    0.92 ^ _18399_/B1 (AOI221_X1)
     1    1.69    0.02    0.03    0.94 v _18399_/ZN (AOI221_X1)
                                         _07555_ (net)
                  0.02    0.00    0.94 v _18421_/A3 (OAI33_X1)
     1    2.01    0.06    0.06    1.00 ^ _18421_/ZN (OAI33_X1)
                                         _07577_ (net)
                  0.06    0.00    1.00 ^ u0.u3.d[5]$_DFF_P_/D (DFF_X1)
                                  1.00   data arrival time

                          0.82    0.82   clock clk (rise edge)
                          0.00    0.82   clock source latency
     1   17.89    0.00    0.00    0.82 ^ clk (in)
                                         clk (net)
                  0.00    0.00    0.82 ^ clkbuf_0_clk/A (CLKBUF_X3)
     8   53.02    0.04    0.07    0.89 ^ clkbuf_0_clk/Z (CLKBUF_X3)
                                         clknet_0_clk (net)
                  0.04    0.00    0.89 ^ clkbuf_3_3__f_clk/A (CLKBUF_X3)
    10   45.01    0.04    0.08    0.97 ^ clkbuf_3_3__f_clk/Z (CLKBUF_X3)
                                         clknet_3_3__leaf_clk (net)
                  0.04    0.00    0.97 ^ clkbuf_leaf_10_clk/A (CLKBUF_X3)
     6    7.81    0.01    0.04    1.01 ^ clkbuf_leaf_10_clk/Z (CLKBUF_X3)
                                         clknet_leaf_10_clk (net)
                  0.01    0.00    1.01 ^ u0.u3.d[5]$_DFF_P_/CK (DFF_X1)
                          0.00    1.01   clock reconvergence pessimism
                         -0.04    0.97   library setup time
                                  0.97   data required time
-----------------------------------------------------------------------------
                                  0.97   data required time
                                 -1.00   data arrival time
-----------------------------------------------------------------------------
                                 -0.03   slack (VIOLATED)



==========================================================================
finish report_checks -unconstrained
--------------------------------------------------------------------------
Startpoint: u0.r0.out[24]$_SDFF_PP1_
            (rising edge-triggered flip-flop clocked by clk)
Endpoint: u0.u3.d[5]$_DFF_P_ (rising edge-triggered flip-flop clocked by clk)
Path Group: clk
Path Type: max

Fanout     Cap    Slew   Delay    Time   Description
-----------------------------------------------------------------------------
                          0.00    0.00   clock clk (rise edge)
                          0.00    0.00   clock source latency
     1   17.89    0.00    0.00    0.00 ^ clk (in)
                                         clk (net)
                  0.00    0.00    0.00 ^ clkbuf_0_clk/A (CLKBUF_X3)
     8   53.02    0.04    0.07    0.07 ^ clkbuf_0_clk/Z (CLKBUF_X3)
                                         clknet_0_clk (net)
                  0.04    0.00    0.07 ^ clkbuf_3_0__f_clk/A (CLKBUF_X3)
    11   42.93    0.03    0.07    0.15 ^ clkbuf_3_0__f_clk/Z (CLKBUF_X3)
                                         clknet_3_0__leaf_clk (net)
                  0.03    0.00    0.15 ^ clkbuf_leaf_91_clk/A (CLKBUF_X3)
     7    8.68    0.01    0.04    0.19 ^ clkbuf_leaf_91_clk/Z (CLKBUF_X3)
                                         clknet_leaf_91_clk (net)
                  0.01    0.00    0.19 ^ u0.r0.out[24]$_SDFF_PP1_/CK (DFF_X1)
     1    2.50    0.01    0.09    0.28 v u0.r0.out[24]$_SDFF_PP1_/Q (DFF_X1)
                                         _00703_ (net)
                  0.01    0.00    0.28 v _18500_/B (XNOR2_X1)
     2   13.20    0.07    0.09    0.37 ^ _18500_/ZN (XNOR2_X1)
                                         _07656_ (net)
                  0.07    0.00    0.37 ^ _19719_/A (XNOR2_X1)
     2    4.10    0.02    0.03    0.40 v _19719_/ZN (XNOR2_X1)
                                         _08875_ (net)
                  0.02    0.00    0.40 v _20436_/B (XNOR2_X1)
     2   23.76    0.12    0.15    0.55 ^ _20436_/ZN (XNOR2_X1)
                                         _09592_ (net)
                  0.12    0.00    0.55 ^ _21250_/B (XOR2_X1)
     2    3.21    0.03    0.07    0.62 ^ _21250_/Z (XOR2_X1)
                                         _10406_ (net)
                  0.03    0.00    0.62 ^ _21260_/B (MUX2_X2)
    13   39.41    0.05    0.08    0.70 ^ _21260_/Z (MUX2_X2)
                                         _10416_ (net)
                  0.05    0.00    0.70 ^ _21256_/A (INV_X8)
    47   97.60    0.02    0.03    0.73 v _21256_/ZN (INV_X8)
                                         _10412_ (net)
                  0.03    0.02    0.75 v _18098_/A1 (NAND2_X1)
     5    9.40    0.03    0.04    0.79 ^ _18098_/ZN (NAND2_X1)
                                         _07254_ (net)
                  0.03    0.00    0.79 ^ _18388_/A1 (AND2_X1)
     1    1.94    0.01    0.04    0.83 ^ _18388_/ZN (AND2_X1)
                                         _07544_ (net)
                  0.01    0.00    0.83 ^ _18389_/S (MUX2_X1)
     1    1.73    0.01    0.06    0.89 v _18389_/Z (MUX2_X1)
                                         _07545_ (net)
                  0.01    0.00    0.89 v _18392_/B1 (OAI21_X1)
     1    2.08    0.02    0.03    0.92 ^ _18392_/ZN (OAI21_X1)
                                         _07548_ (net)
                  0.02    0.00    0.92 ^ _18399_/B1 (AOI221_X1)
     1    1.69    0.02    0.03    0.94 v _18399_/ZN (AOI221_X1)
                                         _07555_ (net)
                  0.02    0.00    0.94 v _18421_/A3 (OAI33_X1)
     1    2.01    0.06    0.06    1.00 ^ _18421_/ZN (OAI33_X1)
                                         _07577_ (net)
                  0.06    0.00    1.00 ^ u0.u3.d[5]$_DFF_P_/D (DFF_X1)
                                  1.00   data arrival time

                          0.82    0.82   clock clk (rise edge)
                          0.00    0.82   clock source latency
     1   17.89    0.00    0.00    0.82 ^ clk (in)
                                         clk (net)
                  0.00    0.00    0.82 ^ clkbuf_0_clk/A (CLKBUF_X3)
     8   53.02    0.04    0.07    0.89 ^ clkbuf_0_clk/Z (CLKBUF_X3)
                                         clknet_0_clk (net)
                  0.04    0.00    0.89 ^ clkbuf_3_3__f_clk/A (CLKBUF_X3)
    10   45.01    0.04    0.08    0.97 ^ clkbuf_3_3__f_clk/Z (CLKBUF_X3)
                                         clknet_3_3__leaf_clk (net)
                  0.04    0.00    0.97 ^ clkbuf_leaf_10_clk/A (CLKBUF_X3)
     6    7.81    0.01    0.04    1.01 ^ clkbuf_leaf_10_clk/Z (CLKBUF_X3)
                                         clknet_leaf_10_clk (net)
                  0.01    0.00    1.01 ^ u0.u3.d[5]$_DFF_P_/CK (DFF_X1)
                          0.00    1.01   clock reconvergence pessimism
                         -0.04    0.97   library setup time
                                  0.97   data required time
-----------------------------------------------------------------------------
                                  0.97   data required time
                                 -1.00   data arrival time
-----------------------------------------------------------------------------
                                 -0.03   slack (VIOLATED)



==========================================================================
finish report_check_types -max_slew -max_cap -max_fanout -violators
--------------------------------------------------------------------------

==========================================================================
finish max_slew_check_slack
--------------------------------------------------------------------------
0.08213506639003754

==========================================================================
finish max_slew_check_limit
--------------------------------------------------------------------------
0.1985349953174591

==========================================================================
finish max_slew_check_slack_limit
--------------------------------------------------------------------------
0.4137

==========================================================================
finish max_fanout_check_slack
--------------------------------------------------------------------------
1.0000000150474662e+30

==========================================================================
finish max_fanout_check_limit
--------------------------------------------------------------------------
1.0000000150474662e+30

==========================================================================
finish max_capacitance_check_slack
--------------------------------------------------------------------------
2.2596280574798584

==========================================================================
finish max_capacitance_check_limit
--------------------------------------------------------------------------
26.016199111938477

==========================================================================
finish max_capacitance_check_slack_limit
--------------------------------------------------------------------------
0.0869

==========================================================================
finish max_slew_violation_count
--------------------------------------------------------------------------
max slew violation count 0

==========================================================================
finish max_fanout_violation_count
--------------------------------------------------------------------------
max fanout violation count 0

==========================================================================
finish max_cap_violation_count
--------------------------------------------------------------------------
max cap violation count 0

==========================================================================
finish setup_violation_count
--------------------------------------------------------------------------
setup violation count 22

==========================================================================
finish hold_violation_count
--------------------------------------------------------------------------
hold violation count 0

==========================================================================
finish report_checks -path_delay max reg to reg
--------------------------------------------------------------------------
Startpoint: u0.r0.out[24]$_SDFF_PP1_
            (rising edge-triggered flip-flop clocked by clk)
Endpoint: u0.u3.d[5]$_DFF_P_ (rising edge-triggered flip-flop clocked by clk)
Path Group: clk
Path Type: max

  Delay    Time   Description
---------------------------------------------------------
   0.00    0.00   clock clk (rise edge)
   0.00    0.00   clock source latency
   0.00    0.00 ^ clk (in)
   0.07    0.07 ^ clkbuf_0_clk/Z (CLKBUF_X3)
   0.08    0.15 ^ clkbuf_3_0__f_clk/Z (CLKBUF_X3)
   0.05    0.19 ^ clkbuf_leaf_91_clk/Z (CLKBUF_X3)
   0.00    0.19 ^ u0.r0.out[24]$_SDFF_PP1_/CK (DFF_X1)
   0.09    0.28 v u0.r0.out[24]$_SDFF_PP1_/Q (DFF_X1)
   0.09    0.37 ^ _18500_/ZN (XNOR2_X1)
   0.03    0.40 v _19719_/ZN (XNOR2_X1)
   0.15    0.55 ^ _20436_/ZN (XNOR2_X1)
   0.07    0.62 ^ _21250_/Z (XOR2_X1)
   0.08    0.70 ^ _21260_/Z (MUX2_X2)
   0.03    0.73 v _21256_/ZN (INV_X8)
   0.06    0.79 ^ _18098_/ZN (NAND2_X1)
   0.04    0.83 ^ _18388_/ZN (AND2_X1)
   0.06    0.89 v _18389_/Z (MUX2_X1)
   0.03    0.92 ^ _18392_/ZN (OAI21_X1)
   0.03    0.94 v _18399_/ZN (AOI221_X1)
   0.06    1.00 ^ _18421_/ZN (OAI33_X1)
   0.00    1.00 ^ u0.u3.d[5]$_DFF_P_/D (DFF_X1)
           1.00   data arrival time

   0.82    0.82   clock clk (rise edge)
   0.00    0.82   clock source latency
   0.00    0.82 ^ clk (in)
   0.07    0.89 ^ clkbuf_0_clk/Z (CLKBUF_X3)
   0.08    0.97 ^ clkbuf_3_3__f_clk/Z (CLKBUF_X3)
   0.05    1.01 ^ clkbuf_leaf_10_clk/Z (CLKBUF_X3)
   0.00    1.01 ^ u0.u3.d[5]$_DFF_P_/CK (DFF_X1)
   0.00    1.01   clock reconvergence pessimism
  -0.04    0.97   library setup time
           0.97   data required time
---------------------------------------------------------
           0.97   data required time
          -1.00   data arrival time
---------------------------------------------------------
          -0.03   slack (VIOLATED)



==========================================================================
finish report_checks -path_delay min reg to reg
--------------------------------------------------------------------------
Startpoint: u0.r0.rcnt[0]$_SDFF_PP0_
            (rising edge-triggered flip-flop clocked by clk)
Endpoint: u0.r0.rcnt[0]$_SDFF_PP0_
          (rising edge-triggered flip-flop clocked by clk)
Path Group: clk
Path Type: min

  Delay    Time   Description
---------------------------------------------------------
   0.00    0.00   clock clk (rise edge)
   0.00    0.00   clock source latency
   0.00    0.00 ^ clk (in)
   0.07    0.07 ^ clkbuf_0_clk/Z (CLKBUF_X3)
   0.08    0.15 ^ clkbuf_3_0__f_clk/Z (CLKBUF_X3)
   0.05    0.19 ^ clkbuf_leaf_92_clk/Z (CLKBUF_X3)
   0.00    0.19 ^ u0.r0.rcnt[0]$_SDFF_PP0_/CK (DFF_X1)
   0.07    0.26 v u0.r0.rcnt[0]$_SDFF_PP0_/QN (DFF_X1)
   0.02    0.29 ^ _14521_/ZN (INV_X1)
   0.01    0.30 v _21466_/ZN (NOR2_X1)
   0.00    0.30 v u0.r0.rcnt[0]$_SDFF_PP0_/D (DFF_X1)
           0.30   data arrival time

   0.00    0.00   clock clk (rise edge)
   0.00    0.00   clock source latency
   0.00    0.00 ^ clk (in)
   0.07    0.07 ^ clkbuf_0_clk/Z (CLKBUF_X3)
   0.08    0.15 ^ clkbuf_3_0__f_clk/Z (CLKBUF_X3)
   0.05    0.19 ^ clkbuf_leaf_92_clk/Z (CLKBUF_X3)
   0.00    0.19 ^ u0.r0.rcnt[0]$_SDFF_PP0_/CK (DFF_X1)
   0.00    0.19   clock reconvergence pessimism
   0.00    0.20   library hold time
           0.20   data required time
---------------------------------------------------------
           0.20   data required time
          -0.30   data arrival time
---------------------------------------------------------
           0.11   slack (MET)



==========================================================================
finish critical path target clock latency max path
--------------------------------------------------------------------------
0.1943

==========================================================================
finish critical path target clock latency min path
--------------------------------------------------------------------------
0.1961

==========================================================================
finish critical path source clock latency min path
--------------------------------------------------------------------------
0.0000

==========================================================================
finish critical path delay
--------------------------------------------------------------------------
1.0032

==========================================================================
finish critical path slack
--------------------------------------------------------------------------
-0.0317

==========================================================================
finish slack div critical path delay
--------------------------------------------------------------------------
-3.159888

==========================================================================
finish report_power
--------------------------------------------------------------------------
Group                  Internal  Switching    Leakage      Total
                          Power      Power      Power      Power (Watts)
----------------------------------------------------------------
Sequential             9.45e-03   2.86e-03   4.45e-05   1.24e-02   2.9%
Combinational          1.90e-01   2.24e-01   4.15e-04   4.15e-01  96.3%
Clock                  1.74e-03   1.95e-03   5.06e-06   3.70e-03   0.9%
Macro                  0.00e+00   0.00e+00   0.00e+00   0.00e+00   0.0%
Pad                    0.00e+00   0.00e+00   0.00e+00   0.00e+00   0.0%
----------------------------------------------------------------
Total                  2.01e-01   2.29e-01   4.64e-04   4.31e-01 100.0%
                          46.7%      53.2%       0.1%
