OpenROAD 08f67ee5ecd14db5a42be8c610bbfd1ccf079299 
Features included (+) or not (-): +GPU +GUI +Python
This program is licensed under the BSD-3 license. See the LICENSE file for details.
Components of this program may be licensed under more restrictive licenses which must be honored.
[INFO ORD-0030] Using 16 thread(s).
read_liberty /home/yuexi/OpenROAD-flow-scripts/flow/platforms/nangate45/lib/NangateOpenCellLibrary_typical.lib
read_db -hier ./results/nangate45/aes/base/5_1_grt.odb
[WARNING ORD-0012] Hierarchical flow (-hier) is currently in development and may cause multiple issues. Do not use in production environments.
read_sdc ./results/nangate45/aes/base/5_1_grt.sdc
source /home/yuexi/OpenROAD-flow-scripts/flow/platforms/nangate45/setRC.tcl
detailed_route -output_drc ./reports/nangate45/aes/base/5_route_drc.rpt -output_maze ./results/nangate45/aes/base/maze.log -droute_end_iter 64 -verbose 1 -drc_report_iter_step 5
[INFO DRT-0149] Reading tech and libs.

Units:                2000
Number of layers:     21
Number of macros:     135
Number of vias:       33
Number of viarulegen: 19

[INFO DRT-0150] Reading design.

Design:                   aes_cipher_top
Die area:                 ( 0 0 ) ( 499700 501200 )
Number of track patterns: 40
Number of DEF vias:       0
Number of components:     14911
Number of terminals:      390
Number of snets:          2
Number of nets:           15240

[INFO DRT-0167] List of default vias:
  Layer via2
    default via: via2_5
  Layer via3
    default via: via3_2
  Layer via4
    default via: via4_0
  Layer via5
    default via: via5_0
  Layer via6
    default via: via6_0
  Layer via7
    default via: via7_0
  Layer via8
    default via: via8_0
  Layer via9
    default via: via9_0
[INFO DRT-0162] Library cell analysis.
[INFO DRT-0163] Instance analysis.
[INFO DRT-0164] Number of unique instances = 120.
[INFO DRT-0168] Init region query.
[INFO DRT-0024]   Complete active.
[INFO DRT-0024]   Complete Fr_VIA.
[INFO DRT-0024]   Complete metal1.
[INFO DRT-0024]   Complete via1.
[INFO DRT-0024]   Complete metal2.
[INFO DRT-0024]   Complete via2.
[INFO DRT-0024]   Complete metal3.
[INFO DRT-0024]   Complete via3.
[INFO DRT-0024]   Complete metal4.
[INFO DRT-0024]   Complete via4.
[INFO DRT-0024]   Complete metal5.
[INFO DRT-0024]   Complete via5.
[INFO DRT-0024]   Complete metal6.
[INFO DRT-0024]   Complete via6.
[INFO DRT-0024]   Complete metal7.
[INFO DRT-0024]   Complete via7.
[INFO DRT-0024]   Complete metal8.
[INFO DRT-0024]   Complete via8.
[INFO DRT-0024]   Complete metal9.
[INFO DRT-0024]   Complete via9.
[INFO DRT-0024]   Complete metal10.
[INFO DRT-0033] active shape region query size = 0.
[INFO DRT-0033] FR_VIA shape region query size = 0.
[INFO DRT-0033] metal1 shape region query size = 227957.
[INFO DRT-0033] via1 shape region query size = 2229.
[INFO DRT-0033] metal2 shape region query size = 1655.
[INFO DRT-0033] via2 shape region query size = 2229.
[INFO DRT-0033] metal3 shape region query size = 1705.
[INFO DRT-0033] via3 shape region query size = 2229.
[INFO DRT-0033] metal4 shape region query size = 824.
[INFO DRT-0033] via4 shape region query size = 720.
[INFO DRT-0033] metal5 shape region query size = 144.
[INFO DRT-0033] via5 shape region query size = 720.
[INFO DRT-0033] metal6 shape region query size = 144.
[INFO DRT-0033] via6 shape region query size = 288.
[INFO DRT-0033] metal7 shape region query size = 104.
[INFO DRT-0033] via7 shape region query size = 0.
[INFO DRT-0033] metal8 shape region query size = 0.
[INFO DRT-0033] via8 shape region query size = 0.
[INFO DRT-0033] metal9 shape region query size = 0.
[INFO DRT-0033] via9 shape region query size = 0.
[INFO DRT-0033] metal10 shape region query size = 0.
[INFO DRT-0165] Start pin access.
[INFO DRT-0078]   Complete 681 pins.
[INFO DRT-0079]   Complete 100 unique inst patterns.
[INFO DRT-0081]   Complete 120 unique inst patterns.
[INFO DRT-0084]   Complete 7986 groups.
#scanned instances     = 14911
#unique  instances     = 120
#stdCellGenAp          = 3953
#stdCellValidPlanarAp  = 0
#stdCellValidViaAp     = 2865
#stdCellPinNoAp        = 0
#stdCellPinCnt         = 51428
#instTermValidViaApCnt = 0
#macroGenAp            = 0
#macroValidPlanarAp    = 0
#macroValidViaAp       = 0
#macroNoAp             = 0
[INFO DRT-0166] Complete pin access.
[INFO DRT-0267] cpu time = 00:02:45, elapsed time = 00:00:11, memory = 349.23 (MB), peak = 351.00 (MB)
[INFO DRT-0156] guideIn read 100000 guides.

[INFO DRT-0157] Number of guides:     129673

[INFO DRT-0169] Post process guides.
[INFO DRT-0176] GCELLGRID X 0 DO 87 STEP 5700 ;
[INFO DRT-0177] GCELLGRID Y 0 DO 87 STEP 5700 ;
[INFO DRT-0026]   Complete 100000 origin guides.
[INFO DRT-0028]   Complete active.
[INFO DRT-0028]   Complete Fr_VIA.
[INFO DRT-0028]   Complete metal1.
[INFO DRT-0028]   Complete via1.
[INFO DRT-0028]   Complete metal2.
[INFO DRT-0028]   Complete via2.
[INFO DRT-0028]   Complete metal3.
[INFO DRT-0028]   Complete via3.
[INFO DRT-0028]   Complete metal4.
[INFO DRT-0028]   Complete via4.
[INFO DRT-0028]   Complete metal5.
[INFO DRT-0028]   Complete via5.
[INFO DRT-0028]   Complete metal6.
[INFO DRT-0028]   Complete via6.
[INFO DRT-0028]   Complete metal7.
[INFO DRT-0028]   Complete via7.
[INFO DRT-0028]   Complete metal8.
[INFO DRT-0028]   Complete via8.
[INFO DRT-0028]   Complete metal9.
[INFO DRT-0028]   Complete via9.
[INFO DRT-0028]   Complete metal10.
[INFO DRT-0178] Init guide query.
[INFO DRT-0035]   Complete active (guide).
[INFO DRT-0035]   Complete Fr_VIA (guide).
[INFO DRT-0035]   Complete metal1 (guide).
[INFO DRT-0035]   Complete via1 (guide).
[INFO DRT-0035]   Complete metal2 (guide).
[INFO DRT-0035]   Complete via2 (guide).
[INFO DRT-0035]   Complete metal3 (guide).
[INFO DRT-0035]   Complete via3 (guide).
[INFO DRT-0035]   Complete metal4 (guide).
[INFO DRT-0035]   Complete via4 (guide).
[INFO DRT-0035]   Complete metal5 (guide).
[INFO DRT-0035]   Complete via5 (guide).
[INFO DRT-0035]   Complete metal6 (guide).
[INFO DRT-0035]   Complete via6 (guide).
[INFO DRT-0035]   Complete metal7 (guide).
[INFO DRT-0035]   Complete via7 (guide).
[INFO DRT-0035]   Complete metal8 (guide).
[INFO DRT-0035]   Complete via8 (guide).
[INFO DRT-0035]   Complete metal9 (guide).
[INFO DRT-0035]   Complete via9 (guide).
[INFO DRT-0035]   Complete metal10 (guide).
[INFO DRT-0036] active guide region query size = 0.
[INFO DRT-0036] FR_VIA guide region query size = 0.
[INFO DRT-0036] metal1 guide region query size = 42620.
[INFO DRT-0036] via1 guide region query size = 0.
[INFO DRT-0036] metal2 guide region query size = 37293.
[INFO DRT-0036] via2 guide region query size = 0.
[INFO DRT-0036] metal3 guide region query size = 21911.
[INFO DRT-0036] via3 guide region query size = 0.
[INFO DRT-0036] metal4 guide region query size = 5216.
[INFO DRT-0036] via4 guide region query size = 0.
[INFO DRT-0036] metal5 guide region query size = 1592.
[INFO DRT-0036] via5 guide region query size = 0.
[INFO DRT-0036] metal6 guide region query size = 311.
[INFO DRT-0036] via6 guide region query size = 0.
[INFO DRT-0036] metal7 guide region query size = 10.
[INFO DRT-0036] via7 guide region query size = 0.
[INFO DRT-0036] metal8 guide region query size = 0.
[INFO DRT-0036] via8 guide region query size = 0.
[INFO DRT-0036] metal9 guide region query size = 0.
[INFO DRT-0036] via9 guide region query size = 0.
[INFO DRT-0036] metal10 guide region query size = 0.
[INFO DRT-0179] Init gr pin query.
[INFO DRT-0267] cpu time = 00:00:01, elapsed time = 00:00:00, memory = 395.98 (MB), peak = 395.98 (MB)
[INFO DRT-0245] skipped writing guide updates to database.
[INFO DRT-0181] Start track assignment.
[INFO DRT-0184] Done with 42820 vertical wires in 2 frboxes and 66133 horizontal wires in 2 frboxes.
[INFO DRT-0186] Done with 17172 vertical wires in 2 frboxes and 18165 horizontal wires in 2 frboxes.
[INFO DRT-0182] Complete track assignment.
[INFO DRT-0267] cpu time = 00:00:08, elapsed time = 00:00:04, memory = 622.39 (MB), peak = 622.39 (MB)
[INFO DRT-0187] Start routing data preparation.
[INFO DRT-0267] cpu time = 00:00:00, elapsed time = 00:00:00, memory = 622.39 (MB), peak = 622.39 (MB)
[INFO DRT-0194] Start detail routing.
[INFO DRT-0195] Start 0th optimization iteration.
    Completing 10% with 0 violations.
    elapsed time = 00:00:01, memory = 914.26 (MB).
    Completing 20% with 0 violations.
    elapsed time = 00:00:05, memory = 1010.12 (MB).
    Completing 30% with 1049 violations.
    elapsed time = 00:00:10, memory = 926.62 (MB).
    Completing 40% with 1049 violations.
    elapsed time = 00:00:18, memory = 1211.36 (MB).
    Completing 50% with 1049 violations.
    elapsed time = 00:00:24, memory = 1155.00 (MB).
    Completing 60% with 2332 violations.
    elapsed time = 00:00:28, memory = 1234.41 (MB).
    Completing 70% with 2332 violations.
    elapsed time = 00:00:33, memory = 1261.91 (MB).
    Completing 80% with 3475 violations.
    elapsed time = 00:00:41, memory = 1254.29 (MB).
    Completing 90% with 3475 violations.
    elapsed time = 00:00:50, memory = 1459.32 (MB).
    Completing 100% with 4645 violations.
    elapsed time = 00:00:59, memory = 1325.44 (MB).
[INFO DRT-0199]   Number of violations = 6043.
Viol/Layer      metal1   via1 metal2   via2 metal3 metal4   via4 metal5   via5 metal6
Cut Spacing          0      0      0     16      0      0     11      0      1      0
Metal Spacing        0      0    408      0     51      7      0      4      0      0
Recheck             11      0    815      0    484     66      0     21      0      1
Short                0      6   3550      5    545     38      0      3      0      0
[INFO DRT-0267] cpu time = 00:11:13, elapsed time = 00:01:00, memory = 1808.94 (MB), peak = 1808.94 (MB)
Total wire length = 230071 um.
Total wire length on LAYER metal1 = 0 um.
Total wire length on LAYER metal2 = 75385 um.
Total wire length on LAYER metal3 = 91159 um.
Total wire length on LAYER metal4 = 34666 um.
Total wire length on LAYER metal5 = 19996 um.
Total wire length on LAYER metal6 = 8412 um.
Total wire length on LAYER metal7 = 451 um.
Total wire length on LAYER metal8 = 0 um.
Total wire length on LAYER metal9 = 0 um.
Total wire length on LAYER metal10 = 0 um.
Total number of vias = 116366.
Up-via summary (total 116366):

-----------------
 active         0
 metal1     51390
 metal2     54130
 metal3      7922
 metal4      2344
 metal5       562
 metal6        18
 metal7         0
 metal8         0
 metal9         0
-----------------
       116366


[INFO DRT-0195] Start 1st optimization iteration.
    Completing 10% with 6043 violations.
    elapsed time = 00:00:01, memory = 1845.44 (MB).
    Completing 20% with 6043 violations.
    elapsed time = 00:00:04, memory = 1866.69 (MB).
    Completing 30% with 5245 violations.
    elapsed time = 00:00:12, memory = 1866.81 (MB).
    Completing 40% with 5245 violations.
    elapsed time = 00:00:16, memory = 1917.81 (MB).
    Completing 50% with 5245 violations.
    elapsed time = 00:00:20, memory = 1893.84 (MB).
    Completing 60% with 4799 violations.
    elapsed time = 00:00:24, memory = 1897.89 (MB).
    Completing 70% with 4799 violations.
    elapsed time = 00:00:31, memory = 1903.14 (MB).
    Completing 80% with 3780 violations.
    elapsed time = 00:00:38, memory = 1879.77 (MB).
    Completing 90% with 3780 violations.
    elapsed time = 00:00:46, memory = 1897.14 (MB).
    Completing 100% with 2934 violations.
    elapsed time = 00:00:52, memory = 1899.13 (MB).
[INFO DRT-0199]   Number of violations = 2934.
Viol/Layer        via1 metal2   via2 metal3 metal4
Cut Spacing          6      0      8      0      0
Metal Spacing        0    465      0     23      0
Short                0   2216      0    215      1
[INFO DRT-0267] cpu time = 00:10:22, elapsed time = 00:00:53, memory = 1905.13 (MB), peak = 1917.81 (MB)
Total wire length = 228102 um.
Total wire length on LAYER metal1 = 0 um.
Total wire length on LAYER metal2 = 74371 um.
Total wire length on LAYER metal3 = 90569 um.
Total wire length on LAYER metal4 = 34528 um.
Total wire length on LAYER metal5 = 19808 um.
Total wire length on LAYER metal6 = 8381 um.
Total wire length on LAYER metal7 = 441 um.
Total wire length on LAYER metal8 = 0 um.
Total wire length on LAYER metal9 = 0 um.
Total wire length on LAYER metal10 = 0 um.
Total number of vias = 115291.
Up-via summary (total 115291):

-----------------
 active         0
 metal1     51406
 metal2     53230
 metal3      7825
 metal4      2262
 metal5       552
 metal6        16
 metal7         0
 metal8         0
 metal9         0
-----------------
       115291


[INFO DRT-0195] Start 2nd optimization iteration.
    Completing 10% with 2934 violations.
    elapsed time = 00:00:03, memory = 1925.50 (MB).
    Completing 20% with 2934 violations.
    elapsed time = 00:00:08, memory = 1925.50 (MB).
    Completing 30% with 2988 violations.
    elapsed time = 00:00:11, memory = 1926.75 (MB).
    Completing 40% with 2988 violations.
    elapsed time = 00:00:15, memory = 1927.38 (MB).
    Completing 50% with 2988 violations.
    elapsed time = 00:00:21, memory = 1929.88 (MB).
    Completing 60% with 2913 violations.
    elapsed time = 00:00:26, memory = 1949.50 (MB).
    Completing 70% with 2913 violations.
    elapsed time = 00:00:32, memory = 1951.50 (MB).
    Completing 80% with 2757 violations.
    elapsed time = 00:00:38, memory = 1933.75 (MB).
    Completing 90% with 2757 violations.
    elapsed time = 00:00:45, memory = 1933.87 (MB).
    Completing 100% with 2786 violations.
    elapsed time = 00:00:52, memory = 1933.87 (MB).
[INFO DRT-0199]   Number of violations = 2786.
Viol/Layer        via1 metal2   via2 metal3 metal4
Cut Spacing          5      0     18      0      0
Metal Spacing        0    458      0     15      0
Short                0   2092      0    195      3
[INFO DRT-0267] cpu time = 00:10:04, elapsed time = 00:00:53, memory = 1936.75 (MB), peak = 1951.50 (MB)
Total wire length = 227776 um.
Total wire length on LAYER metal1 = 0 um.
Total wire length on LAYER metal2 = 74160 um.
Total wire length on LAYER metal3 = 90561 um.
Total wire length on LAYER metal4 = 34565 um.
Total wire length on LAYER metal5 = 19707 um.
Total wire length on LAYER metal6 = 8339 um.
Total wire length on LAYER metal7 = 442 um.
Total wire length on LAYER metal8 = 0 um.
Total wire length on LAYER metal9 = 0 um.
Total wire length on LAYER metal10 = 0 um.
Total number of vias = 115174.
Up-via summary (total 115174):

-----------------
 active         0
 metal1     51377
 metal2     53204
 metal3      7832
 metal4      2215
 metal5       530
 metal6        16
 metal7         0
 metal8         0
 metal9         0
-----------------
       115174


[INFO DRT-0195] Start 3rd optimization iteration.
    Completing 10% with 2786 violations.
    elapsed time = 00:00:00, memory = 1937.25 (MB).
    Completing 20% with 2786 violations.
    elapsed time = 00:00:00, memory = 1937.25 (MB).
    Completing 30% with 2123 violations.
    elapsed time = 00:00:05, memory = 1937.50 (MB).
    Completing 40% with 2123 violations.
    elapsed time = 00:00:07, memory = 1937.50 (MB).
    Completing 50% with 2123 violations.
    elapsed time = 00:00:10, memory = 1939.62 (MB).
    Completing 60% with 1409 violations.
    elapsed time = 00:00:16, memory = 1943.25 (MB).
    Completing 70% with 1409 violations.
    elapsed time = 00:00:17, memory = 1943.25 (MB).
    Completing 80% with 729 violations.
    elapsed time = 00:00:23, memory = 1943.25 (MB).
    Completing 90% with 729 violations.
    elapsed time = 00:00:26, memory = 1948.62 (MB).
    Completing 100% with 106 violations.
    elapsed time = 00:00:30, memory = 1944.47 (MB).
[INFO DRT-0199]   Number of violations = 106.
Viol/Layer      metal2   via2 metal3 metal4
Cut Spacing          0      1      0      0
Metal Spacing       26      0      5      1
NS Metal             0      0      2      0
Short               55      0     16      0
[INFO DRT-0267] cpu time = 00:04:09, elapsed time = 00:00:30, memory = 1947.47 (MB), peak = 1951.50 (MB)
Total wire length = 227561 um.
Total wire length on LAYER metal1 = 0 um.
Total wire length on LAYER metal2 = 70667 um.
Total wire length on LAYER metal3 = 90937 um.
Total wire length on LAYER metal4 = 37511 um.
Total wire length on LAYER metal5 = 19635 um.
Total wire length on LAYER metal6 = 8367 um.
Total wire length on LAYER metal7 = 442 um.
Total wire length on LAYER metal8 = 0 um.
Total wire length on LAYER metal9 = 0 um.
Total wire length on LAYER metal10 = 0 um.
Total number of vias = 117499.
Up-via summary (total 117499):

-----------------
 active         0
 metal1     51380
 metal2     53992
 metal3      9331
 metal4      2240
 metal5       540
 metal6        16
 metal7         0
 metal8         0
 metal9         0
-----------------
       117499


[INFO DRT-0195] Start 4th optimization iteration.
    Completing 10% with 106 violations.
    elapsed time = 00:00:00, memory = 1947.47 (MB).
    Completing 20% with 106 violations.
    elapsed time = 00:00:00, memory = 1947.47 (MB).
    Completing 30% with 72 violations.
    elapsed time = 00:00:01, memory = 1947.47 (MB).
    Completing 40% with 72 violations.
    elapsed time = 00:00:01, memory = 1947.47 (MB).
    Completing 50% with 72 violations.
    elapsed time = 00:00:01, memory = 1947.47 (MB).
    Completing 60% with 61 violations.
    elapsed time = 00:00:01, memory = 1947.47 (MB).
    Completing 70% with 61 violations.
    elapsed time = 00:00:01, memory = 1947.47 (MB).
    Completing 80% with 35 violations.
    elapsed time = 00:00:02, memory = 1947.47 (MB).
    Completing 90% with 35 violations.
    elapsed time = 00:00:02, memory = 1947.47 (MB).
    Completing 100% with 12 violations.
    elapsed time = 00:00:03, memory = 1947.47 (MB).
[INFO DRT-0199]   Number of violations = 12.
Viol/Layer      metal2
Metal Spacing        3
Short                9
[INFO DRT-0267] cpu time = 00:00:15, elapsed time = 00:00:04, memory = 1947.47 (MB), peak = 1951.50 (MB)
Total wire length = 227534 um.
Total wire length on LAYER metal1 = 0 um.
Total wire length on LAYER metal2 = 70577 um.
Total wire length on LAYER metal3 = 90941 um.
Total wire length on LAYER metal4 = 37590 um.
Total wire length on LAYER metal5 = 19615 um.
Total wire length on LAYER metal6 = 8367 um.
Total wire length on LAYER metal7 = 442 um.
Total wire length on LAYER metal8 = 0 um.
Total wire length on LAYER metal9 = 0 um.
Total wire length on LAYER metal10 = 0 um.
Total number of vias = 117508.
Up-via summary (total 117508):

-----------------
 active         0
 metal1     51380
 metal2     53986
 metal3      9354
 metal4      2232
 metal5       540
 metal6        16
 metal7         0
 metal8         0
 metal9         0
-----------------
       117508


[INFO DRT-0195] Start 5th guides tiles iteration.
    Completing 10% with 12 violations.
    elapsed time = 00:00:00, memory = 1947.47 (MB).
    Completing 20% with 12 violations.
    elapsed time = 00:00:00, memory = 1947.47 (MB).
    Completing 30% with 12 violations.
    elapsed time = 00:00:00, memory = 1947.47 (MB).
    Completing 40% with 12 violations.
    elapsed time = 00:00:00, memory = 1947.47 (MB).
    Completing 50% with 2 violations.
    elapsed time = 00:00:00, memory = 1947.47 (MB).
    Completing 60% with 2 violations.
    elapsed time = 00:00:00, memory = 1947.47 (MB).
    Completing 70% with 2 violations.
    elapsed time = 00:00:00, memory = 1947.47 (MB).
    Completing 80% with 2 violations.
    elapsed time = 00:00:00, memory = 1947.47 (MB).
    Completing 100% with 2 violations.
    elapsed time = 00:00:00, memory = 1947.47 (MB).
[INFO DRT-0199]   Number of violations = 2.
Viol/Layer      metal2
Metal Spacing        2
[INFO DRT-0267] cpu time = 00:00:01, elapsed time = 00:00:00, memory = 1947.59 (MB), peak = 1951.50 (MB)
Total wire length = 227536 um.
Total wire length on LAYER metal1 = 0 um.
Total wire length on LAYER metal2 = 70569 um.
Total wire length on LAYER metal3 = 90942 um.
Total wire length on LAYER metal4 = 37599 um.
Total wire length on LAYER metal5 = 19615 um.
Total wire length on LAYER metal6 = 8367 um.
Total wire length on LAYER metal7 = 442 um.
Total wire length on LAYER metal8 = 0 um.
Total wire length on LAYER metal9 = 0 um.
Total wire length on LAYER metal10 = 0 um.
Total number of vias = 117515.
Up-via summary (total 117515):

-----------------
 active         0
 metal1     51380
 metal2     53987
 metal3      9360
 metal4      2232
 metal5       540
 metal6        16
 metal7         0
 metal8         0
 metal9         0
-----------------
       117515


[INFO DRT-0195] Start 6th guides tiles iteration.
    Completing 50% with 2 violations.
    elapsed time = 00:00:00, memory = 1947.59 (MB).
    Completing 100% with 2 violations.
    elapsed time = 00:00:00, memory = 1947.59 (MB).
[INFO DRT-0199]   Number of violations = 2.
Viol/Layer      metal2
Metal Spacing        2
[INFO DRT-0267] cpu time = 00:00:00, elapsed time = 00:00:00, memory = 1947.59 (MB), peak = 1951.50 (MB)
Total wire length = 227536 um.
Total wire length on LAYER metal1 = 0 um.
Total wire length on LAYER metal2 = 70569 um.
Total wire length on LAYER metal3 = 90942 um.
Total wire length on LAYER metal4 = 37599 um.
Total wire length on LAYER metal5 = 19615 um.
Total wire length on LAYER metal6 = 8367 um.
Total wire length on LAYER metal7 = 442 um.
Total wire length on LAYER metal8 = 0 um.
Total wire length on LAYER metal9 = 0 um.
Total wire length on LAYER metal10 = 0 um.
Total number of vias = 117515.
Up-via summary (total 117515):

-----------------
 active         0
 metal1     51380
 metal2     53987
 metal3      9360
 metal4      2232
 metal5       540
 metal6        16
 metal7         0
 metal8         0
 metal9         0
-----------------
       117515


[INFO DRT-0195] Start 7th stubborn tiles iteration.
    Completing 10% with 2 violations.
    elapsed time = 00:00:06, memory = 1951.59 (MB).
    Completing 20% with 2 violations.
    elapsed time = 00:00:08, memory = 1960.09 (MB).
    Completing 30% with 2 violations.
    elapsed time = 00:00:10, memory = 1973.34 (MB).
    Completing 40% with 2 violations.
    elapsed time = 00:00:10, memory = 1976.34 (MB).
    Completing 50% with 2 violations.
    elapsed time = 00:00:12, memory = 2032.22 (MB).
    Completing 60% with 2 violations.
    elapsed time = 00:00:13, memory = 2111.22 (MB).
    Completing 70% with 2 violations.
    elapsed time = 00:00:13, memory = 2112.59 (MB).
    Completing 80% with 2 violations.
    elapsed time = 00:00:14, memory = 2126.84 (MB).
    Completing 90% with 2 violations.
    elapsed time = 00:00:16, memory = 2129.22 (MB).
    Completing 100% with 0 violations.
    elapsed time = 00:00:20, memory = 2129.22 (MB).
[INFO DRT-0199]   Number of violations = 0.
[INFO DRT-0267] cpu time = 00:03:57, elapsed time = 00:00:20, memory = 2129.22 (MB), peak = 2129.22 (MB)
Total wire length = 227536 um.
Total wire length on LAYER metal1 = 0 um.
Total wire length on LAYER metal2 = 70565 um.
Total wire length on LAYER metal3 = 90942 um.
Total wire length on LAYER metal4 = 37603 um.
Total wire length on LAYER metal5 = 19615 um.
Total wire length on LAYER metal6 = 8367 um.
Total wire length on LAYER metal7 = 442 um.
Total wire length on LAYER metal8 = 0 um.
Total wire length on LAYER metal9 = 0 um.
Total wire length on LAYER metal10 = 0 um.
Total number of vias = 117517.
Up-via summary (total 117517):

-----------------
 active         0
 metal1     51380
 metal2     53987
 metal3      9362
 metal4      2232
 metal5       540
 metal6        16
 metal7         0
 metal8         0
 metal9         0
-----------------
       117517


[INFO DRT-0198] Complete detail routing.
Total wire length = 227536 um.
Total wire length on LAYER metal1 = 0 um.
Total wire length on LAYER metal2 = 70565 um.
Total wire length on LAYER metal3 = 90942 um.
Total wire length on LAYER metal4 = 37603 um.
Total wire length on LAYER metal5 = 19615 um.
Total wire length on LAYER metal6 = 8367 um.
Total wire length on LAYER metal7 = 442 um.
Total wire length on LAYER metal8 = 0 um.
Total wire length on LAYER metal9 = 0 um.
Total wire length on LAYER metal10 = 0 um.
Total number of vias = 117517.
Up-via summary (total 117517):

-----------------
 active         0
 metal1     51380
 metal2     53987
 metal3      9362
 metal4      2232
 metal5       540
 metal6        16
 metal7         0
 metal8         0
 metal9         0
-----------------
       117517


[INFO DRT-0267] cpu time = 00:40:05, elapsed time = 00:03:43, memory = 2129.22 (MB), peak = 2129.22 (MB)

[INFO DRT-0180] Post processing.
Took 240 seconds: detailed_route -output_drc ./reports/nangate45/aes/base/5_route_drc.rpt -output_maze ./results/nangate45/aes/base/maze.log -droute_end_iter 64 -verbose 1 -drc_report_iter_step 5
[WARNING GRT-0246] No diode with LEF class CORE ANTENNACELL found.
[INFO ANT-0002] Found 0 net violations.
[INFO ANT-0001] Found 0 pin violations.
[INFO ANT-0002] Found 0 net violations.
[INFO ANT-0001] Found 0 pin violations.
Design area 18909 um^2 36% utilization.
write_db ./results/nangate45/aes/base/5_2_route.odb
Elapsed time: 4:11.06[h:]min:sec. CPU time: user 2597.33 sys 5.83 (1036%). Peak memory: 2180448KB.
Log                       Ext     Elapsed/s Peak Memory/MB sha1sum result [0:20)
5_2_route                 .odb          251           2129 069d075fdcc7588fce9b
