
==========================================================================
finish report_tns
--------------------------------------------------------------------------
tns max -0.22

==========================================================================
finish report_wns
--------------------------------------------------------------------------
wns max -0.02

==========================================================================
finish report_worst_slack
--------------------------------------------------------------------------
worst slack max -0.02

==========================================================================
finish report_clock_min_period
--------------------------------------------------------------------------
clk period_min = 0.84 fmax = 1190.26

==========================================================================
finish report_clock_skew
--------------------------------------------------------------------------
Clock clk
   0.20 source latency sa00_sr[7]$_DFF_P_/CK ^
  -0.18 target latency sa22_sr[7]$_DFF_P_/CK ^
   0.00 CRPR
--------------
   0.02 setup skew


==========================================================================
finish report_checks -path_delay min
--------------------------------------------------------------------------
Startpoint: text_in[100] (input port clocked by clk)
Endpoint: text_in_r[100]$_DFFE_PP_
          (rising edge-triggered flip-flop clocked by clk)
Path Group: clk
Path Type: min

Fanout     Cap    Slew   Delay    Time   Description
-----------------------------------------------------------------------------
                          0.00    0.00   clock clk (rise edge)
                          0.00    0.00   clock network delay (propagated)
                          0.16    0.16 ^ input external delay
     1    1.97    0.00    0.00    0.16 ^ text_in[100] (in)
                                         text_in[100] (net)
                  0.00    0.00    0.16 ^ input132/A (BUF_X1)
     1    1.34    0.01    0.02    0.18 ^ input132/Z (BUF_X1)
                                         net132 (net)
                  0.01    0.00    0.18 ^ _22190_/B (MUX2_X1)
     1    1.53    0.01    0.03    0.22 ^ _22190_/Z (MUX2_X1)
                                         _11346_ (net)
                  0.01    0.00    0.22 ^ text_in_r[100]$_DFFE_PP_/D (DFF_X1)
                                  0.22   data arrival time

                          0.00    0.00   clock clk (rise edge)
                          0.00    0.00   clock source latency
     1   17.43    0.00    0.00    0.00 ^ clk (in)
                                         clk (net)
                  0.00    0.00    0.00 ^ clkbuf_0_clk/A (CLKBUF_X3)
     8   52.74    0.04    0.07    0.07 ^ clkbuf_0_clk/Z (CLKBUF_X3)
                                         clknet_0_clk (net)
                  0.04    0.00    0.07 ^ clkbuf_3_6__f_clk/A (CLKBUF_X3)
    13   46.83    0.04    0.08    0.15 ^ clkbuf_3_6__f_clk/Z (CLKBUF_X3)
                                         clknet_3_6__leaf_clk (net)
                  0.04    0.00    0.15 ^ clkbuf_leaf_37_clk/A (CLKBUF_X3)
     7   13.63    0.01    0.05    0.20 ^ clkbuf_leaf_37_clk/Z (CLKBUF_X3)
                                         clknet_leaf_37_clk (net)
                  0.01    0.00    0.20 ^ text_in_r[100]$_DFFE_PP_/CK (DFF_X1)
                          0.00    0.20   clock reconvergence pessimism
                          0.01    0.21   library hold time
                                  0.21   data required time
-----------------------------------------------------------------------------
                                  0.21   data required time
                                 -0.22   data arrival time
-----------------------------------------------------------------------------
                                  0.00   slack (MET)



==========================================================================
finish report_checks -path_delay max
--------------------------------------------------------------------------
Startpoint: sa21_sr[7]$_DFF_P_ (rising edge-triggered flip-flop clocked by clk)
Endpoint: sa23_sr[2]$_DFF_P_ (rising edge-triggered flip-flop clocked by clk)
Path Group: clk
Path Type: max

Fanout     Cap    Slew   Delay    Time   Description
-----------------------------------------------------------------------------
                          0.00    0.00   clock clk (rise edge)
                          0.00    0.00   clock source latency
     1   17.43    0.00    0.00    0.00 ^ clk (in)
                                         clk (net)
                  0.00    0.00    0.00 ^ clkbuf_0_clk/A (CLKBUF_X3)
     8   52.74    0.04    0.07    0.07 ^ clkbuf_0_clk/Z (CLKBUF_X3)
                                         clknet_0_clk (net)
                  0.04    0.00    0.07 ^ clkbuf_3_4__f_clk/A (CLKBUF_X3)
    10   43.86    0.04    0.07    0.15 ^ clkbuf_3_4__f_clk/Z (CLKBUF_X3)
                                         clknet_3_4__leaf_clk (net)
                  0.04    0.00    0.15 ^ clkbuf_leaf_20_clk/A (CLKBUF_X3)
     7    8.91    0.01    0.04    0.19 ^ clkbuf_leaf_20_clk/Z (CLKBUF_X3)
                                         clknet_leaf_20_clk (net)
                  0.01    0.00    0.19 ^ sa21_sr[7]$_DFF_P_/CK (DFF_X1)
     4   19.37    0.04    0.13    0.32 ^ sa21_sr[7]$_DFF_P_/Q (DFF_X1)
                                         _00701_ (net)
                  0.04    0.00    0.32 ^ _13273_/B (XNOR2_X1)
     1    2.67    0.02    0.05    0.37 ^ _13273_/ZN (XNOR2_X1)
                                         _02429_ (net)
                  0.02    0.00    0.37 ^ _13274_/B (XNOR2_X1)
     2    4.70    0.03    0.05    0.42 ^ _13274_/ZN (XNOR2_X1)
                                         _02430_ (net)
                  0.03    0.00    0.42 ^ _13278_/A (XNOR2_X1)
     1    8.49    0.05    0.06    0.48 ^ _13278_/ZN (XNOR2_X1)
                                         _02434_ (net)
                  0.05    0.00    0.48 ^ _13279_/A (MUX2_X1)
     2   14.58    0.04    0.08    0.56 ^ _13279_/Z (MUX2_X1)
                                         _02435_ (net)
                  0.04    0.00    0.56 ^ _13281_/B (XOR2_X2)
     7   15.37    0.05    0.08    0.65 ^ _13281_/Z (XOR2_X2)
                                         _02437_ (net)
                  0.05    0.00    0.65 ^ place6925/A (BUF_X1)
     3    5.91    0.02    0.04    0.69 ^ place6925/Z (BUF_X1)
                                         net6925 (net)
                  0.02    0.00    0.69 ^ _13317_/A1 (NOR2_X1)
     2    2.78    0.01    0.01    0.70 v _13317_/ZN (NOR2_X1)
                                         _02473_ (net)
                  0.01    0.00    0.70 v _15314_/A2 (NOR2_X1)
     2    5.51    0.03    0.05    0.75 ^ _15314_/ZN (NOR2_X1)
                                         _04470_ (net)
                  0.03    0.00    0.75 ^ _15406_/B1 (OAI22_X1)
     1    1.69    0.01    0.02    0.77 v _15406_/ZN (OAI22_X1)
                                         _04562_ (net)
                  0.01    0.00    0.77 v _15407_/B1 (AOI22_X1)
     1    3.96    0.03    0.05    0.83 ^ _15407_/ZN (AOI22_X1)
                                         _04563_ (net)
                  0.03    0.00    0.83 ^ _15408_/A (OAI221_X1)
     1    2.91    0.02    0.04    0.87 v _15408_/ZN (OAI221_X1)
                                         _04564_ (net)
                  0.02    0.00    0.87 v _15409_/B (MUX2_X1)
     1    1.28    0.01    0.06    0.93 v _15409_/Z (MUX2_X1)
                                         _04565_ (net)
                  0.01    0.00    0.93 v _15437_/A (MUX2_X1)
     1    4.30    0.01    0.06    1.00 v _15437_/Z (MUX2_X1)
                                         _04593_ (net)
                  0.01    0.00    1.00 v sa23_sr[2]$_DFF_P_/D (DFF_X1)
                                  1.00   data arrival time

                          0.82    0.82   clock clk (rise edge)
                          0.00    0.82   clock source latency
     1   17.43    0.00    0.00    0.82 ^ clk (in)
                                         clk (net)
                  0.00    0.00    0.82 ^ clkbuf_0_clk/A (CLKBUF_X3)
     8   52.74    0.04    0.07    0.89 ^ clkbuf_0_clk/Z (CLKBUF_X3)
                                         clknet_0_clk (net)
                  0.04    0.00    0.89 ^ clkbuf_3_4__f_clk/A (CLKBUF_X3)
    10   43.86    0.04    0.07    0.97 ^ clkbuf_3_4__f_clk/Z (CLKBUF_X3)
                                         clknet_3_4__leaf_clk (net)
                  0.04    0.00    0.97 ^ clkbuf_leaf_7_clk/A (CLKBUF_X3)
     7   10.95    0.01    0.05    1.01 ^ clkbuf_leaf_7_clk/Z (CLKBUF_X3)
                                         clknet_leaf_7_clk (net)
                  0.01    0.00    1.01 ^ sa23_sr[2]$_DFF_P_/CK (DFF_X1)
                          0.00    1.01   clock reconvergence pessimism
                         -0.04    0.98   library setup time
                                  0.98   data required time
-----------------------------------------------------------------------------
                                  0.98   data required time
                                 -1.00   data arrival time
-----------------------------------------------------------------------------
                                 -0.02   slack (VIOLATED)



==========================================================================
finish report_checks -unconstrained
--------------------------------------------------------------------------
Startpoint: sa21_sr[7]$_DFF_P_ (rising edge-triggered flip-flop clocked by clk)
Endpoint: sa23_sr[2]$_DFF_P_ (rising edge-triggered flip-flop clocked by clk)
Path Group: clk
Path Type: max

Fanout     Cap    Slew   Delay    Time   Description
-----------------------------------------------------------------------------
                          0.00    0.00   clock clk (rise edge)
                          0.00    0.00   clock source latency
     1   17.43    0.00    0.00    0.00 ^ clk (in)
                                         clk (net)
                  0.00    0.00    0.00 ^ clkbuf_0_clk/A (CLKBUF_X3)
     8   52.74    0.04    0.07    0.07 ^ clkbuf_0_clk/Z (CLKBUF_X3)
                                         clknet_0_clk (net)
                  0.04    0.00    0.07 ^ clkbuf_3_4__f_clk/A (CLKBUF_X3)
    10   43.86    0.04    0.07    0.15 ^ clkbuf_3_4__f_clk/Z (CLKBUF_X3)
                                         clknet_3_4__leaf_clk (net)
                  0.04    0.00    0.15 ^ clkbuf_leaf_20_clk/A (CLKBUF_X3)
     7    8.91    0.01    0.04    0.19 ^ clkbuf_leaf_20_clk/Z (CLKBUF_X3)
                                         clknet_leaf_20_clk (net)
                  0.01    0.00    0.19 ^ sa21_sr[7]$_DFF_P_/CK (DFF_X1)
     4   19.37    0.04    0.13    0.32 ^ sa21_sr[7]$_DFF_P_/Q (DFF_X1)
                                         _00701_ (net)
                  0.04    0.00    0.32 ^ _13273_/B (XNOR2_X1)
     1    2.67    0.02    0.05    0.37 ^ _13273_/ZN (XNOR2_X1)
                                         _02429_ (net)
                  0.02    0.00    0.37 ^ _13274_/B (XNOR2_X1)
     2    4.70    0.03    0.05    0.42 ^ _13274_/ZN (XNOR2_X1)
                                         _02430_ (net)
                  0.03    0.00    0.42 ^ _13278_/A (XNOR2_X1)
     1    8.49    0.05    0.06    0.48 ^ _13278_/ZN (XNOR2_X1)
                                         _02434_ (net)
                  0.05    0.00    0.48 ^ _13279_/A (MUX2_X1)
     2   14.58    0.04    0.08    0.56 ^ _13279_/Z (MUX2_X1)
                                         _02435_ (net)
                  0.04    0.00    0.56 ^ _13281_/B (XOR2_X2)
     7   15.37    0.05    0.08    0.65 ^ _13281_/Z (XOR2_X2)
                                         _02437_ (net)
                  0.05    0.00    0.65 ^ place6925/A (BUF_X1)
     3    5.91    0.02    0.04    0.69 ^ place6925/Z (BUF_X1)
                                         net6925 (net)
                  0.02    0.00    0.69 ^ _13317_/A1 (NOR2_X1)
     2    2.78    0.01    0.01    0.70 v _13317_/ZN (NOR2_X1)
                                         _02473_ (net)
                  0.01    0.00    0.70 v _15314_/A2 (NOR2_X1)
     2    5.51    0.03    0.05    0.75 ^ _15314_/ZN (NOR2_X1)
                                         _04470_ (net)
                  0.03    0.00    0.75 ^ _15406_/B1 (OAI22_X1)
     1    1.69    0.01    0.02    0.77 v _15406_/ZN (OAI22_X1)
                                         _04562_ (net)
                  0.01    0.00    0.77 v _15407_/B1 (AOI22_X1)
     1    3.96    0.03    0.05    0.83 ^ _15407_/ZN (AOI22_X1)
                                         _04563_ (net)
                  0.03    0.00    0.83 ^ _15408_/A (OAI221_X1)
     1    2.91    0.02    0.04    0.87 v _15408_/ZN (OAI221_X1)
                                         _04564_ (net)
                  0.02    0.00    0.87 v _15409_/B (MUX2_X1)
     1    1.28    0.01    0.06    0.93 v _15409_/Z (MUX2_X1)
                                         _04565_ (net)
                  0.01    0.00    0.93 v _15437_/A (MUX2_X1)
     1    4.30    0.01    0.06    1.00 v _15437_/Z (MUX2_X1)
                                         _04593_ (net)
                  0.01    0.00    1.00 v sa23_sr[2]$_DFF_P_/D (DFF_X1)
                                  1.00   data arrival time

                          0.82    0.82   clock clk (rise edge)
                          0.00    0.82   clock source latency
     1   17.43    0.00    0.00    0.82 ^ clk (in)
                                         clk (net)
                  0.00    0.00    0.82 ^ clkbuf_0_clk/A (CLKBUF_X3)
     8   52.74    0.04    0.07    0.89 ^ clkbuf_0_clk/Z (CLKBUF_X3)
                                         clknet_0_clk (net)
                  0.04    0.00    0.89 ^ clkbuf_3_4__f_clk/A (CLKBUF_X3)
    10   43.86    0.04    0.07    0.97 ^ clkbuf_3_4__f_clk/Z (CLKBUF_X3)
                                         clknet_3_4__leaf_clk (net)
                  0.04    0.00    0.97 ^ clkbuf_leaf_7_clk/A (CLKBUF_X3)
     7   10.95    0.01    0.05    1.01 ^ clkbuf_leaf_7_clk/Z (CLKBUF_X3)
                                         clknet_leaf_7_clk (net)
                  0.01    0.00    1.01 ^ sa23_sr[2]$_DFF_P_/CK (DFF_X1)
                          0.00    1.01   clock reconvergence pessimism
                         -0.04    0.98   library setup time
                                  0.98   data required time
-----------------------------------------------------------------------------
                                  0.98   data required time
                                 -1.00   data arrival time
-----------------------------------------------------------------------------
                                 -0.02   slack (VIOLATED)



==========================================================================
finish report_check_types -max_slew -max_cap -max_fanout -violators
--------------------------------------------------------------------------

==========================================================================
finish max_slew_check_slack
--------------------------------------------------------------------------
0.0754958763718605

==========================================================================
finish max_slew_check_limit
--------------------------------------------------------------------------
0.1985349953174591

==========================================================================
finish max_slew_check_slack_limit
--------------------------------------------------------------------------
0.3803

==========================================================================
finish max_fanout_check_slack
--------------------------------------------------------------------------
1.0000000150474662e+30

==========================================================================
finish max_fanout_check_limit
--------------------------------------------------------------------------
1.0000000150474662e+30

==========================================================================
finish max_capacitance_check_slack
--------------------------------------------------------------------------
2.397047281265259

==========================================================================
finish max_capacitance_check_limit
--------------------------------------------------------------------------
26.702899932861328

==========================================================================
finish max_capacitance_check_slack_limit
--------------------------------------------------------------------------
0.0898

==========================================================================
finish max_slew_violation_count
--------------------------------------------------------------------------
max slew violation count 0

==========================================================================
finish max_fanout_violation_count
--------------------------------------------------------------------------
max fanout violation count 0

==========================================================================
finish max_cap_violation_count
--------------------------------------------------------------------------
max cap violation count 0

==========================================================================
finish setup_violation_count
--------------------------------------------------------------------------
setup violation count 31

==========================================================================
finish hold_violation_count
--------------------------------------------------------------------------
hold violation count 0

==========================================================================
finish report_checks -path_delay max reg to reg
--------------------------------------------------------------------------
Startpoint: sa21_sr[7]$_DFF_P_ (rising edge-triggered flip-flop clocked by clk)
Endpoint: sa23_sr[2]$_DFF_P_ (rising edge-triggered flip-flop clocked by clk)
Path Group: clk
Path Type: max

  Delay    Time   Description
---------------------------------------------------------
   0.00    0.00   clock clk (rise edge)
   0.00    0.00   clock source latency
   0.00    0.00 ^ clk (in)
   0.07    0.07 ^ clkbuf_0_clk/Z (CLKBUF_X3)
   0.08    0.15 ^ clkbuf_3_4__f_clk/Z (CLKBUF_X3)
   0.05    0.19 ^ clkbuf_leaf_20_clk/Z (CLKBUF_X3)
   0.00    0.19 ^ sa21_sr[7]$_DFF_P_/CK (DFF_X1)
   0.13    0.32 ^ sa21_sr[7]$_DFF_P_/Q (DFF_X1)
   0.05    0.37 ^ _13273_/ZN (XNOR2_X1)
   0.05    0.42 ^ _13274_/ZN (XNOR2_X1)
   0.06    0.48 ^ _13278_/ZN (XNOR2_X1)
   0.08    0.56 ^ _13279_/Z (MUX2_X1)
   0.08    0.65 ^ _13281_/Z (XOR2_X2)
   0.04    0.69 ^ place6925/Z (BUF_X1)
   0.01    0.70 v _13317_/ZN (NOR2_X1)
   0.05    0.75 ^ _15314_/ZN (NOR2_X1)
   0.02    0.77 v _15406_/ZN (OAI22_X1)
   0.05    0.83 ^ _15407_/ZN (AOI22_X1)
   0.04    0.87 v _15408_/ZN (OAI221_X1)
   0.06    0.93 v _15409_/Z (MUX2_X1)
   0.06    1.00 v _15437_/Z (MUX2_X1)
   0.00    1.00 v sa23_sr[2]$_DFF_P_/D (DFF_X1)
           1.00   data arrival time

   0.82    0.82   clock clk (rise edge)
   0.00    0.82   clock source latency
   0.00    0.82 ^ clk (in)
   0.07    0.89 ^ clkbuf_0_clk/Z (CLKBUF_X3)
   0.08    0.97 ^ clkbuf_3_4__f_clk/Z (CLKBUF_X3)
   0.05    1.01 ^ clkbuf_leaf_7_clk/Z (CLKBUF_X3)
   0.00    1.01 ^ sa23_sr[2]$_DFF_P_/CK (DFF_X1)
   0.00    1.01   clock reconvergence pessimism
  -0.04    0.98   library setup time
           0.98   data required time
---------------------------------------------------------
           0.98   data required time
          -1.00   data arrival time
---------------------------------------------------------
          -0.02   slack (VIOLATED)



==========================================================================
finish report_checks -path_delay min reg to reg
--------------------------------------------------------------------------
Startpoint: u0.r0.rcnt[0]$_SDFF_PP0_
            (rising edge-triggered flip-flop clocked by clk)
Endpoint: u0.r0.rcnt[0]$_SDFF_PP0_
          (rising edge-triggered flip-flop clocked by clk)
Path Group: clk
Path Type: min

  Delay    Time   Description
---------------------------------------------------------
   0.00    0.00   clock clk (rise edge)
   0.00    0.00   clock source latency
   0.00    0.00 ^ clk (in)
   0.07    0.07 ^ clkbuf_0_clk/Z (CLKBUF_X3)
   0.08    0.14 ^ clkbuf_3_0__f_clk/Z (CLKBUF_X3)
   0.05    0.19 ^ clkbuf_leaf_70_clk/Z (CLKBUF_X3)
   0.00    0.19 ^ u0.r0.rcnt[0]$_SDFF_PP0_/CK (DFF_X1)
   0.07    0.26 v u0.r0.rcnt[0]$_SDFF_PP0_/QN (DFF_X1)
   0.02    0.29 ^ _14521_/ZN (INV_X1)
   0.01    0.30 v _21466_/ZN (NOR2_X1)
   0.00    0.30 v u0.r0.rcnt[0]$_SDFF_PP0_/D (DFF_X1)
           0.30   data arrival time

   0.00    0.00   clock clk (rise edge)
   0.00    0.00   clock source latency
   0.00    0.00 ^ clk (in)
   0.07    0.07 ^ clkbuf_0_clk/Z (CLKBUF_X3)
   0.08    0.14 ^ clkbuf_3_0__f_clk/Z (CLKBUF_X3)
   0.05    0.19 ^ clkbuf_leaf_70_clk/Z (CLKBUF_X3)
   0.00    0.19 ^ u0.r0.rcnt[0]$_SDFF_PP0_/CK (DFF_X1)
   0.00    0.19   clock reconvergence pessimism
   0.00    0.20   library hold time
           0.20   data required time
---------------------------------------------------------
           0.20   data required time
          -0.30   data arrival time
---------------------------------------------------------
           0.11   slack (MET)



==========================================================================
finish critical path target clock latency max path
--------------------------------------------------------------------------
0.1868

==========================================================================
finish critical path target clock latency min path
--------------------------------------------------------------------------
0.2013

==========================================================================
finish critical path source clock latency min path
--------------------------------------------------------------------------
0.0000

==========================================================================
finish critical path delay
--------------------------------------------------------------------------
0.9962

==========================================================================
finish critical path slack
--------------------------------------------------------------------------
-0.0202

==========================================================================
finish slack div critical path delay
--------------------------------------------------------------------------
-2.027705

==========================================================================
finish report_power
--------------------------------------------------------------------------
Group                  Internal  Switching    Leakage      Total
                          Power      Power      Power      Power (Watts)
----------------------------------------------------------------
Sequential             9.45e-03   2.82e-03   4.45e-05   1.23e-02   2.8%
Combinational          1.93e-01   2.28e-01   4.22e-04   4.21e-01  96.3%
Clock                  1.73e-03   2.01e-03   5.24e-06   3.75e-03   0.9%
Macro                  0.00e+00   0.00e+00   0.00e+00   0.00e+00   0.0%
Pad                    0.00e+00   0.00e+00   0.00e+00   0.00e+00   0.0%
----------------------------------------------------------------
Total                  2.05e-01   2.32e-01   4.72e-04   4.37e-01 100.0%
                          46.8%      53.1%       0.1%
