OpenROAD 08f67ee5ecd14db5a42be8c610bbfd1ccf079299 
Features included (+) or not (-): +GPU +GUI +Python
This program is licensed under the BSD-3 license. See the LICENSE file for details.
Components of this program may be licensed under more restrictive licenses which must be honored.
[INFO ORD-0030] Using 16 thread(s).
read_liberty /home/yuexi/OpenROAD-flow-scripts/flow/platforms/nangate45/lib/NangateOpenCellLibrary_typical.lib
read_db -hier ./results/nangate45/aes/base/6_1_fill.odb
[WARNING ORD-0012] Hierarchical flow (-hier) is currently in development and may cause multiple issues. Do not use in production environments.
read_sdc ./results/nangate45/aes/base/6_1_fill.sdc
source /home/yuexi/OpenROAD-flow-scripts/flow/platforms/nangate45/setRC.tcl
write_db ./results/nangate45/aes/base/6_final.odb
Deleted 0 routing obstructions
[INFO RCX-0431] Defined process_corner X with ext_model_index 0
[INFO RCX-0029] Defined extraction corner X
[INFO RCX-0435] Reading extraction model file /home/yuexi/OpenROAD-flow-scripts/flow/platforms/nangate45/rcx_patterns.rules ...
[INFO RCX-0436] RC segment generation aes_cipher_top (max_merge_res 50.0) ...
[INFO RCX-0040] Final 63811 rc segments
[INFO RCX-0439] Coupling Cap extraction aes_cipher_top ...
[INFO RCX-0440] Coupling threshhold is 0.1000 fF, coupling capacitance less than 0.1000 fF will be grounded.
[INFO RCX-0442] 46% of 117074 wires extracted
[INFO RCX-0442] 100% of 117074 wires extracted
[INFO RCX-0045] Extract 15240 nets, 78494 rsegs, 78494 caps, 193651 ccs
[INFO RCX-0443] 15240 nets finished
[INFO PSM-0040] All shapes on net VDD are connected.
########## IR report #################
Net              : VDD
Corner           : default
Total power      : 4.37e-01 W
Supply voltage   : 1.10e+00 V
Worstcase voltage: 9.93e-01 V
Average voltage  : 1.05e+00 V
Average IR drop  : 5.35e-02 V
Worstcase IR drop: 1.07e-01 V
Percentage drop  : 9.77 %
######################################
[INFO PSM-0040] All shapes on net VSS are connected.
########## IR report #################
Net              : VSS
Corner           : default
Total power      : 4.37e-01 W
Supply voltage   : 0.00e+00 V
Worstcase voltage: 8.79e-02 V
Average voltage  : 4.81e-02 V
Average IR drop  : 4.81e-02 V
Worstcase IR drop: 8.79e-02 V
Percentage drop  : 7.99 %
######################################
Cell type report:                       Count       Area
  Fill cell                             16779   33875.63
  Tap cell                                411     109.33
  Clock buffer                            130     159.60
  Timing Repair Buffer                   2905    2899.13
  Inverter                                106      90.97
  Clock inverter                           59      48.15
  Sequential cell                         562    2541.90
  Multi-Input combinational cell        10738   13060.33
  Total                                 31690   52785.04
Report metrics stage 6, finish...

==========================================================================
finish report_design_area
--------------------------------------------------------------------------
Design area 18909 um^2 36% utilization.
[WARNING GUI-0066] Heat map "IR Drop" has not been populated with data.
[WARNING GUI-0066] Heat map "Routing Congestion" has not been populated with data.
Elapsed time: 0:16.25[h:]min:sec. CPU time: user 19.81 sys 4.92 (152%). Peak memory: 539748KB.
Log                       Ext     Elapsed/s Peak Memory/MB sha1sum result [0:20)
6_report                                 16            527                  N/A
