
==========================================================================
finish report_tns
--------------------------------------------------------------------------
tns max 0.00

==========================================================================
finish report_wns
--------------------------------------------------------------------------
wns max 0.00

==========================================================================
finish report_worst_slack
--------------------------------------------------------------------------
worst slack max 0.01

==========================================================================
finish report_clock_min_period
--------------------------------------------------------------------------
clk period_min = 0.89 fmax = 1120.65

==========================================================================
finish report_clock_skew
--------------------------------------------------------------------------
Clock clk
   0.21 source latency sa12_sr[0]$_DFF_P_/CK ^
  -0.18 target latency sa33_sr[5]$_DFF_P_/CK ^
   0.00 CRPR
--------------
   0.02 setup skew


==========================================================================
finish report_checks -path_delay min
--------------------------------------------------------------------------
Startpoint: text_in[120] (input port clocked by clk)
Endpoint: text_in_r[120]$_DFFE_PP_
          (rising edge-triggered flip-flop clocked by clk)
Path Group: clk
Path Type: min

Fanout     Cap    Slew   Delay    Time   Description
-----------------------------------------------------------------------------
                          0.00    0.00   clock clk (rise edge)
                          0.00    0.00   clock network delay (propagated)
                          0.18    0.18 ^ input external delay
     1    2.88    0.00    0.00    0.18 ^ text_in[120] (in)
                                         text_in[120] (net)
                  0.00    0.00    0.18 ^ input154/A (BUF_X1)
     1    1.03    0.01    0.02    0.20 ^ input154/Z (BUF_X1)
                                         net154 (net)
                  0.01    0.00    0.20 ^ _22168_/B (MUX2_X1)
     1    1.23    0.01    0.03    0.23 ^ _22168_/Z (MUX2_X1)
                                         _11324_ (net)
                  0.01    0.00    0.23 ^ text_in_r[120]$_DFFE_PP_/D (DFF_X1)
                                  0.23   data arrival time

                          0.00    0.00   clock clk (rise edge)
                          0.00    0.00   clock source latency
     1   17.18    0.00    0.00    0.00 ^ clk (in)
                                         clk (net)
                  0.00    0.00    0.00 ^ clkbuf_0_clk/A (CLKBUF_X3)
     8   52.76    0.04    0.06    0.07 ^ clkbuf_0_clk/Z (CLKBUF_X3)
                                         clknet_0_clk (net)
                  0.04    0.00    0.07 ^ clkbuf_3_0__f_clk/A (CLKBUF_X3)
    18   53.86    0.04    0.08    0.15 ^ clkbuf_3_0__f_clk/Z (CLKBUF_X3)
                                         clknet_3_0__leaf_clk (net)
                  0.04    0.00    0.16 ^ clkbuf_leaf_68_clk/A (CLKBUF_X3)
     8   10.93    0.01    0.05    0.20 ^ clkbuf_leaf_68_clk/Z (CLKBUF_X3)
                                         clknet_leaf_68_clk (net)
                  0.01    0.00    0.20 ^ text_in_r[120]$_DFFE_PP_/CK (DFF_X1)
                          0.00    0.20   clock reconvergence pessimism
                          0.01    0.21   library hold time
                                  0.21   data required time
-----------------------------------------------------------------------------
                                  0.21   data required time
                                 -0.23   data arrival time
-----------------------------------------------------------------------------
                                  0.02   slack (MET)



==========================================================================
finish report_checks -path_delay max
--------------------------------------------------------------------------
Startpoint: sa30_sr[7]$_DFF_P_ (rising edge-triggered flip-flop clocked by clk)
Endpoint: sa31_sr[0]$_DFF_P_ (rising edge-triggered flip-flop clocked by clk)
Path Group: clk
Path Type: max

Fanout     Cap    Slew   Delay    Time   Description
-----------------------------------------------------------------------------
                          0.00    0.00   clock clk (rise edge)
                          0.00    0.00   clock source latency
     1   17.18    0.00    0.00    0.00 ^ clk (in)
                                         clk (net)
                  0.00    0.00    0.00 ^ clkbuf_0_clk/A (CLKBUF_X3)
     8   52.76    0.04    0.06    0.07 ^ clkbuf_0_clk/Z (CLKBUF_X3)
                                         clknet_0_clk (net)
                  0.04    0.00    0.07 ^ clkbuf_3_2__f_clk/A (CLKBUF_X3)
    10   42.51    0.03    0.07    0.15 ^ clkbuf_3_2__f_clk/Z (CLKBUF_X3)
                                         clknet_3_2__leaf_clk (net)
                  0.03    0.00    0.15 ^ clkbuf_leaf_80_clk/A (CLKBUF_X3)
     7    9.44    0.01    0.04    0.19 ^ clkbuf_leaf_80_clk/Z (CLKBUF_X3)
                                         clknet_leaf_80_clk (net)
                  0.01    0.00    0.19 ^ sa30_sr[7]$_DFF_P_/CK (DFF_X1)
     3    7.53    0.01    0.09    0.28 v sa30_sr[7]$_DFF_P_/Q (DFF_X1)
                                         _00866_ (net)
                  0.01    0.00    0.28 v _12242_/A (XNOR2_X1)
     5   14.92    0.08    0.10    0.38 ^ _12242_/ZN (XNOR2_X1)
                                         _01398_ (net)
                  0.08    0.00    0.38 ^ _12244_/A (XNOR2_X1)
     1    2.44    0.02    0.02    0.40 v _12244_/ZN (XNOR2_X1)
                                         _01400_ (net)
                  0.02    0.00    0.40 v _12245_/B (XNOR2_X1)
     1   21.68    0.11    0.14    0.54 ^ _12245_/ZN (XNOR2_X1)
                                         _01401_ (net)
                  0.11    0.00    0.55 ^ _12246_/A (MUX2_X1)
     2    9.69    0.03    0.08    0.62 ^ _12246_/Z (MUX2_X1)
                                         _01402_ (net)
                  0.03    0.00    0.62 ^ _12248_/B (XOR2_X2)
    14   29.01    0.08    0.11    0.73 ^ _12248_/Z (XOR2_X2)
                                         _01404_ (net)
                  0.08    0.00    0.74 ^ place4819/A (BUF_X2)
    14   31.88    0.04    0.07    0.80 ^ place4819/Z (BUF_X2)
                                         net4819 (net)
                  0.04    0.00    0.80 ^ _15689_/B2 (OAI21_X1)
     1    1.93    0.01    0.02    0.83 v _15689_/ZN (OAI21_X1)
                                         _04845_ (net)
                  0.01    0.00    0.83 v _15690_/B2 (AOI221_X1)
     1    2.62    0.05    0.09    0.91 ^ _15690_/ZN (AOI221_X1)
                                         _04846_ (net)
                  0.05    0.00    0.91 ^ _15695_/A2 (NOR3_X1)
     1    1.66    0.01    0.02    0.93 v _15695_/ZN (NOR3_X1)
                                         _04851_ (net)
                  0.01    0.00    0.93 v _15706_/B1 (OAI21_X1)
     1    2.17    0.02    0.03    0.96 ^ _15706_/ZN (OAI21_X1)
                                         _04862_ (net)
                  0.02    0.00    0.96 ^ _15707_/B2 (AOI21_X1)
     1    2.28    0.01    0.02    0.98 v _15707_/ZN (AOI21_X1)
                                         _04863_ (net)
                  0.01    0.00    0.98 v _15708_/A3 (NOR3_X1)
     1    4.13    0.04    0.07    1.05 ^ _15708_/ZN (NOR3_X1)
                                         _04864_ (net)
                  0.04    0.00    1.05 ^ sa31_sr[0]$_DFF_P_/D (DFF_X1)
                                  1.05   data arrival time

                          0.90    0.90   clock clk (rise edge)
                          0.00    0.90   clock source latency
     1   17.18    0.00    0.00    0.90 ^ clk (in)
                                         clk (net)
                  0.00    0.00    0.90 ^ clkbuf_0_clk/A (CLKBUF_X3)
     8   52.76    0.04    0.06    0.97 ^ clkbuf_0_clk/Z (CLKBUF_X3)
                                         clknet_0_clk (net)
                  0.04    0.01    0.97 ^ clkbuf_3_7__f_clk/A (CLKBUF_X3)
    11   43.52    0.03    0.07    1.05 ^ clkbuf_3_7__f_clk/Z (CLKBUF_X3)
                                         clknet_3_7__leaf_clk (net)
                  0.03    0.00    1.05 ^ clkbuf_leaf_37_clk/A (CLKBUF_X3)
     5    8.88    0.01    0.04    1.09 ^ clkbuf_leaf_37_clk/Z (CLKBUF_X3)
                                         clknet_leaf_37_clk (net)
                  0.01    0.00    1.09 ^ sa31_sr[0]$_DFF_P_/CK (DFF_X1)
                          0.00    1.09   clock reconvergence pessimism
                         -0.04    1.06   library setup time
                                  1.06   data required time
-----------------------------------------------------------------------------
                                  1.06   data required time
                                 -1.05   data arrival time
-----------------------------------------------------------------------------
                                  0.01   slack (MET)



==========================================================================
finish report_checks -unconstrained
--------------------------------------------------------------------------
Startpoint: sa30_sr[7]$_DFF_P_ (rising edge-triggered flip-flop clocked by clk)
Endpoint: sa31_sr[0]$_DFF_P_ (rising edge-triggered flip-flop clocked by clk)
Path Group: clk
Path Type: max

Fanout     Cap    Slew   Delay    Time   Description
-----------------------------------------------------------------------------
                          0.00    0.00   clock clk (rise edge)
                          0.00    0.00   clock source latency
     1   17.18    0.00    0.00    0.00 ^ clk (in)
                                         clk (net)
                  0.00    0.00    0.00 ^ clkbuf_0_clk/A (CLKBUF_X3)
     8   52.76    0.04    0.06    0.07 ^ clkbuf_0_clk/Z (CLKBUF_X3)
                                         clknet_0_clk (net)
                  0.04    0.00    0.07 ^ clkbuf_3_2__f_clk/A (CLKBUF_X3)
    10   42.51    0.03    0.07    0.15 ^ clkbuf_3_2__f_clk/Z (CLKBUF_X3)
                                         clknet_3_2__leaf_clk (net)
                  0.03    0.00    0.15 ^ clkbuf_leaf_80_clk/A (CLKBUF_X3)
     7    9.44    0.01    0.04    0.19 ^ clkbuf_leaf_80_clk/Z (CLKBUF_X3)
                                         clknet_leaf_80_clk (net)
                  0.01    0.00    0.19 ^ sa30_sr[7]$_DFF_P_/CK (DFF_X1)
     3    7.53    0.01    0.09    0.28 v sa30_sr[7]$_DFF_P_/Q (DFF_X1)
                                         _00866_ (net)
                  0.01    0.00    0.28 v _12242_/A (XNOR2_X1)
     5   14.92    0.08    0.10    0.38 ^ _12242_/ZN (XNOR2_X1)
                                         _01398_ (net)
                  0.08    0.00    0.38 ^ _12244_/A (XNOR2_X1)
     1    2.44    0.02    0.02    0.40 v _12244_/ZN (XNOR2_X1)
                                         _01400_ (net)
                  0.02    0.00    0.40 v _12245_/B (XNOR2_X1)
     1   21.68    0.11    0.14    0.54 ^ _12245_/ZN (XNOR2_X1)
                                         _01401_ (net)
                  0.11    0.00    0.55 ^ _12246_/A (MUX2_X1)
     2    9.69    0.03    0.08    0.62 ^ _12246_/Z (MUX2_X1)
                                         _01402_ (net)
                  0.03    0.00    0.62 ^ _12248_/B (XOR2_X2)
    14   29.01    0.08    0.11    0.73 ^ _12248_/Z (XOR2_X2)
                                         _01404_ (net)
                  0.08    0.00    0.74 ^ place4819/A (BUF_X2)
    14   31.88    0.04    0.07    0.80 ^ place4819/Z (BUF_X2)
                                         net4819 (net)
                  0.04    0.00    0.80 ^ _15689_/B2 (OAI21_X1)
     1    1.93    0.01    0.02    0.83 v _15689_/ZN (OAI21_X1)
                                         _04845_ (net)
                  0.01    0.00    0.83 v _15690_/B2 (AOI221_X1)
     1    2.62    0.05    0.09    0.91 ^ _15690_/ZN (AOI221_X1)
                                         _04846_ (net)
                  0.05    0.00    0.91 ^ _15695_/A2 (NOR3_X1)
     1    1.66    0.01    0.02    0.93 v _15695_/ZN (NOR3_X1)
                                         _04851_ (net)
                  0.01    0.00    0.93 v _15706_/B1 (OAI21_X1)
     1    2.17    0.02    0.03    0.96 ^ _15706_/ZN (OAI21_X1)
                                         _04862_ (net)
                  0.02    0.00    0.96 ^ _15707_/B2 (AOI21_X1)
     1    2.28    0.01    0.02    0.98 v _15707_/ZN (AOI21_X1)
                                         _04863_ (net)
                  0.01    0.00    0.98 v _15708_/A3 (NOR3_X1)
     1    4.13    0.04    0.07    1.05 ^ _15708_/ZN (NOR3_X1)
                                         _04864_ (net)
                  0.04    0.00    1.05 ^ sa31_sr[0]$_DFF_P_/D (DFF_X1)
                                  1.05   data arrival time

                          0.90    0.90   clock clk (rise edge)
                          0.00    0.90   clock source latency
     1   17.18    0.00    0.00    0.90 ^ clk (in)
                                         clk (net)
                  0.00    0.00    0.90 ^ clkbuf_0_clk/A (CLKBUF_X3)
     8   52.76    0.04    0.06    0.97 ^ clkbuf_0_clk/Z (CLKBUF_X3)
                                         clknet_0_clk (net)
                  0.04    0.01    0.97 ^ clkbuf_3_7__f_clk/A (CLKBUF_X3)
    11   43.52    0.03    0.07    1.05 ^ clkbuf_3_7__f_clk/Z (CLKBUF_X3)
                                         clknet_3_7__leaf_clk (net)
                  0.03    0.00    1.05 ^ clkbuf_leaf_37_clk/A (CLKBUF_X3)
     5    8.88    0.01    0.04    1.09 ^ clkbuf_leaf_37_clk/Z (CLKBUF_X3)
                                         clknet_leaf_37_clk (net)
                  0.01    0.00    1.09 ^ sa31_sr[0]$_DFF_P_/CK (DFF_X1)
                          0.00    1.09   clock reconvergence pessimism
                         -0.04    1.06   library setup time
                                  1.06   data required time
-----------------------------------------------------------------------------
                                  1.06   data required time
                                 -1.05   data arrival time
-----------------------------------------------------------------------------
                                  0.01   slack (MET)



==========================================================================
finish report_check_types -max_slew -max_cap -max_fanout -violators
--------------------------------------------------------------------------

==========================================================================
finish max_slew_check_slack
--------------------------------------------------------------------------
0.0779380351305008

==========================================================================
finish max_slew_check_limit
--------------------------------------------------------------------------
0.1985349953174591

==========================================================================
finish max_slew_check_slack_limit
--------------------------------------------------------------------------
0.3926

==========================================================================
finish max_fanout_check_slack
--------------------------------------------------------------------------
1.0000000150474662e+30

==========================================================================
finish max_fanout_check_limit
--------------------------------------------------------------------------
1.0000000150474662e+30

==========================================================================
finish max_capacitance_check_slack
--------------------------------------------------------------------------
1.4295154809951782

==========================================================================
finish max_capacitance_check_limit
--------------------------------------------------------------------------
25.329599380493164

==========================================================================
finish max_capacitance_check_slack_limit
--------------------------------------------------------------------------
0.0564

==========================================================================
finish max_slew_violation_count
--------------------------------------------------------------------------
max slew violation count 0

==========================================================================
finish max_fanout_violation_count
--------------------------------------------------------------------------
max fanout violation count 0

==========================================================================
finish max_cap_violation_count
--------------------------------------------------------------------------
max cap violation count 0

==========================================================================
finish setup_violation_count
--------------------------------------------------------------------------
setup violation count 0

==========================================================================
finish hold_violation_count
--------------------------------------------------------------------------
hold violation count 0

==========================================================================
finish report_checks -path_delay max reg to reg
--------------------------------------------------------------------------
Startpoint: sa30_sr[7]$_DFF_P_ (rising edge-triggered flip-flop clocked by clk)
Endpoint: sa31_sr[0]$_DFF_P_ (rising edge-triggered flip-flop clocked by clk)
Path Group: clk
Path Type: max

  Delay    Time   Description
---------------------------------------------------------
   0.00    0.00   clock clk (rise edge)
   0.00    0.00   clock source latency
   0.00    0.00 ^ clk (in)
   0.07    0.07 ^ clkbuf_0_clk/Z (CLKBUF_X3)
   0.08    0.15 ^ clkbuf_3_2__f_clk/Z (CLKBUF_X3)
   0.05    0.19 ^ clkbuf_leaf_80_clk/Z (CLKBUF_X3)
   0.00    0.19 ^ sa30_sr[7]$_DFF_P_/CK (DFF_X1)
   0.09    0.28 v sa30_sr[7]$_DFF_P_/Q (DFF_X1)
   0.10    0.38 ^ _12242_/ZN (XNOR2_X1)
   0.03    0.40 v _12244_/ZN (XNOR2_X1)
   0.14    0.54 ^ _12245_/ZN (XNOR2_X1)
   0.08    0.62 ^ _12246_/Z (MUX2_X1)
   0.11    0.73 ^ _12248_/Z (XOR2_X2)
   0.07    0.80 ^ place4819/Z (BUF_X2)
   0.02    0.83 v _15689_/ZN (OAI21_X1)
   0.09    0.91 ^ _15690_/ZN (AOI221_X1)
   0.02    0.93 v _15695_/ZN (NOR3_X1)
   0.03    0.96 ^ _15706_/ZN (OAI21_X1)
   0.02    0.98 v _15707_/ZN (AOI21_X1)
   0.07    1.05 ^ _15708_/ZN (NOR3_X1)
   0.00    1.05 ^ sa31_sr[0]$_DFF_P_/D (DFF_X1)
           1.05   data arrival time

   0.90    0.90   clock clk (rise edge)
   0.00    0.90   clock source latency
   0.00    0.90 ^ clk (in)
   0.07    0.97 ^ clkbuf_0_clk/Z (CLKBUF_X3)
   0.08    1.05 ^ clkbuf_3_7__f_clk/Z (CLKBUF_X3)
   0.05    1.09 ^ clkbuf_leaf_37_clk/Z (CLKBUF_X3)
   0.00    1.09 ^ sa31_sr[0]$_DFF_P_/CK (DFF_X1)
   0.00    1.09   clock reconvergence pessimism
  -0.04    1.06   library setup time
           1.06   data required time
---------------------------------------------------------
           1.06   data required time
          -1.05   data arrival time
---------------------------------------------------------
           0.01   slack (MET)



==========================================================================
finish report_checks -path_delay min reg to reg
--------------------------------------------------------------------------
Startpoint: u0.r0.rcnt[0]$_SDFF_PP0_
            (rising edge-triggered flip-flop clocked by clk)
Endpoint: u0.r0.out[25]$_SDFF_PP0_
          (rising edge-triggered flip-flop clocked by clk)
Path Group: clk
Path Type: min

  Delay    Time   Description
---------------------------------------------------------
   0.00    0.00   clock clk (rise edge)
   0.00    0.00   clock source latency
   0.00    0.00 ^ clk (in)
   0.07    0.07 ^ clkbuf_0_clk/Z (CLKBUF_X3)
   0.09    0.15 ^ clkbuf_3_0__f_clk/Z (CLKBUF_X3)
   0.05    0.20 ^ clkbuf_leaf_72_clk/Z (CLKBUF_X3)
   0.00    0.20 ^ u0.r0.rcnt[0]$_SDFF_PP0_/CK (DFF_X1)
   0.07    0.28 ^ u0.r0.rcnt[0]$_SDFF_PP0_/QN (DFF_X1)
   0.01    0.29 v _14521_/ZN (INV_X1)
   0.03    0.32 ^ _22062_/ZN (AOI21_X1)
   0.00    0.32 ^ u0.r0.out[25]$_SDFF_PP0_/D (DFF_X1)
           0.32   data arrival time

   0.00    0.00   clock clk (rise edge)
   0.00    0.00   clock source latency
   0.00    0.00 ^ clk (in)
   0.07    0.07 ^ clkbuf_0_clk/Z (CLKBUF_X3)
   0.09    0.15 ^ clkbuf_3_0__f_clk/Z (CLKBUF_X3)
   0.05    0.20 ^ clkbuf_leaf_75_clk/Z (CLKBUF_X3)
   0.00    0.20 ^ u0.r0.out[25]$_SDFF_PP0_/CK (DFF_X1)
   0.00    0.20   clock reconvergence pessimism
   0.01    0.21   library hold time
           0.21   data required time
---------------------------------------------------------
           0.21   data required time
          -0.32   data arrival time
---------------------------------------------------------
           0.10   slack (MET)



==========================================================================
finish critical path target clock latency max path
--------------------------------------------------------------------------
0.1928

==========================================================================
finish critical path target clock latency min path
--------------------------------------------------------------------------
0.2049

==========================================================================
finish critical path source clock latency min path
--------------------------------------------------------------------------
0.0000

==========================================================================
finish critical path delay
--------------------------------------------------------------------------
1.0480

==========================================================================
finish critical path slack
--------------------------------------------------------------------------
0.0077

==========================================================================
finish slack div critical path delay
--------------------------------------------------------------------------
0.734733

==========================================================================
finish report_power
--------------------------------------------------------------------------
Group                  Internal  Switching    Leakage      Total
                          Power      Power      Power      Power (Watts)
----------------------------------------------------------------
Sequential             8.61e-03   2.97e-03   4.45e-05   1.16e-02   3.1%
Combinational          1.58e-01   1.99e-01   3.76e-04   3.57e-01  95.9%
Clock                  1.65e-03   1.85e-03   5.42e-06   3.50e-03   0.9%
Macro                  0.00e+00   0.00e+00   0.00e+00   0.00e+00   0.0%
Pad                    0.00e+00   0.00e+00   0.00e+00   0.00e+00   0.0%
----------------------------------------------------------------
Total                  1.68e-01   2.04e-01   4.26e-04   3.72e-01 100.0%
                          45.2%      54.7%       0.1%
