
==========================================================================
finish report_tns
--------------------------------------------------------------------------
tns max -0.07

==========================================================================
finish report_wns
--------------------------------------------------------------------------
wns max -0.01

==========================================================================
finish report_worst_slack
--------------------------------------------------------------------------
worst slack max -0.01

==========================================================================
finish report_clock_min_period
--------------------------------------------------------------------------
clk period_min = 0.87 fmax = 1143.94

==========================================================================
finish report_clock_skew
--------------------------------------------------------------------------
Clock clk
   0.19 source latency text_in_r[125]$_DFFE_PP_/CK ^
  -0.21 target latency sa00_sr[5]$_DFF_P_/CK ^
   0.00 CRPR
--------------
  -0.02 setup skew


==========================================================================
finish report_checks -path_delay min
--------------------------------------------------------------------------
Startpoint: text_in[67] (input port clocked by clk)
Endpoint: text_in_r[67]$_DFFE_PP_
          (rising edge-triggered flip-flop clocked by clk)
Path Group: clk
Path Type: min

Fanout     Cap    Slew   Delay    Time   Description
-----------------------------------------------------------------------------
                          0.00    0.00   clock clk (rise edge)
                          0.00    0.00   clock network delay (propagated)
                          0.17    0.17 ^ input external delay
     1    1.91    0.00    0.00    0.17 ^ text_in[67] (in)
                                         text_in[67] (net)
                  0.00    0.00    0.17 ^ input222/A (BUF_X1)
     1    1.06    0.01    0.02    0.19 ^ input222/Z (BUF_X1)
                                         net222 (net)
                  0.01    0.00    0.19 ^ _22226_/B (MUX2_X1)
     1    1.27    0.01    0.03    0.22 ^ _22226_/Z (MUX2_X1)
                                         _11382_ (net)
                  0.01    0.00    0.22 ^ text_in_r[67]$_DFFE_PP_/D (DFF_X1)
                                  0.22   data arrival time

                          0.00    0.00   clock clk (rise edge)
                          0.00    0.00   clock source latency
     1   17.43    0.00    0.00    0.00 ^ clk (in)
                                         clk (net)
                  0.00    0.00    0.00 ^ clkbuf_0_clk/A (CLKBUF_X3)
     8   54.49    0.04    0.07    0.07 ^ clkbuf_0_clk/Z (CLKBUF_X3)
                                         clknet_0_clk (net)
                  0.04    0.00    0.07 ^ clkbuf_3_5__f_clk/A (CLKBUF_X3)
    18   46.46    0.04    0.08    0.15 ^ clkbuf_3_5__f_clk/Z (CLKBUF_X3)
                                         clknet_3_5__leaf_clk (net)
                  0.04    0.00    0.15 ^ clkbuf_leaf_38_clk/A (CLKBUF_X3)
     7   12.15    0.01    0.05    0.20 ^ clkbuf_leaf_38_clk/Z (CLKBUF_X3)
                                         clknet_leaf_38_clk (net)
                  0.01    0.00    0.20 ^ text_in_r[67]$_DFFE_PP_/CK (DFF_X1)
                          0.00    0.20   clock reconvergence pessimism
                          0.01    0.21   library hold time
                                  0.21   data required time
-----------------------------------------------------------------------------
                                  0.21   data required time
                                 -0.22   data arrival time
-----------------------------------------------------------------------------
                                  0.01   slack (MET)



==========================================================================
finish report_checks -path_delay max
--------------------------------------------------------------------------
Startpoint: sa33_sr[7]$_DFF_P_ (rising edge-triggered flip-flop clocked by clk)
Endpoint: sa21_sr[5]$_DFF_P_ (rising edge-triggered flip-flop clocked by clk)
Path Group: clk
Path Type: max

Fanout     Cap    Slew   Delay    Time   Description
-----------------------------------------------------------------------------
                          0.00    0.00   clock clk (rise edge)
                          0.00    0.00   clock source latency
     1   17.43    0.00    0.00    0.00 ^ clk (in)
                                         clk (net)
                  0.00    0.00    0.00 ^ clkbuf_0_clk/A (CLKBUF_X3)
     8   54.49    0.04    0.07    0.07 ^ clkbuf_0_clk/Z (CLKBUF_X3)
                                         clknet_0_clk (net)
                  0.04    0.00    0.07 ^ clkbuf_3_3__f_clk/A (CLKBUF_X3)
    11   51.77    0.04    0.08    0.15 ^ clkbuf_3_3__f_clk/Z (CLKBUF_X3)
                                         clknet_3_3__leaf_clk (net)
                  0.04    0.00    0.16 ^ clkbuf_leaf_7_clk/A (CLKBUF_X3)
     6   12.30    0.01    0.05    0.20 ^ clkbuf_leaf_7_clk/Z (CLKBUF_X3)
                                         clknet_leaf_7_clk (net)
                  0.01    0.00    0.21 ^ sa33_sr[7]$_DFF_P_/CK (DFF_X1)
     7   25.39    0.06    0.14    0.35 ^ sa33_sr[7]$_DFF_P_/Q (DFF_X1)
                                         _00865_ (net)
                  0.06    0.00    0.35 ^ _22346_/A (XNOR2_X1)
     3    8.43    0.05    0.07    0.42 ^ _22346_/ZN (XNOR2_X1)
                                         _11502_ (net)
                  0.05    0.00    0.42 ^ _20640_/B (XNOR2_X1)
     1    2.89    0.02    0.05    0.47 ^ _20640_/ZN (XNOR2_X1)
                                         _09796_ (net)
                  0.02    0.00    0.47 ^ _20641_/B (XNOR2_X1)
     1    1.07    0.02    0.04    0.51 ^ _20641_/ZN (XNOR2_X1)
                                         _09797_ (net)
                  0.02    0.00    0.51 ^ _20642_/A (MUX2_X1)
     2   14.10    0.03    0.07    0.58 ^ _20642_/Z (MUX2_X1)
                                         _09798_ (net)
                  0.03    0.00    0.58 ^ _20644_/B (XOR2_X2)
    16   33.64    0.09    0.13    0.71 ^ _20644_/Z (XOR2_X2)
                                         _09800_ (net)
                  0.09    0.00    0.71 ^ place5331/A (BUF_X1)
     9   18.38    0.04    0.07    0.78 ^ place5331/Z (BUF_X1)
                                         net5331 (net)
                  0.04    0.00    0.78 ^ _20731_/A1 (NAND2_X1)
     2    2.54    0.01    0.02    0.81 v _20731_/ZN (NAND2_X1)
                                         _09887_ (net)
                  0.01    0.00    0.81 v place4658/A (BUF_X1)
     4    8.19    0.01    0.04    0.85 v place4658/Z (BUF_X1)
                                         net4658 (net)
                  0.01    0.00    0.85 v _21091_/B2 (OAI22_X1)
     1    2.50    0.03    0.05    0.89 ^ _21091_/ZN (OAI22_X1)
                                         _10247_ (net)
                  0.03    0.00    0.89 ^ _21092_/B1 (AOI22_X1)
     1    1.60    0.02    0.03    0.92 v _21092_/ZN (AOI22_X1)
                                         _10248_ (net)
                  0.02    0.00    0.92 v _21105_/B2 (AOI221_X1)
     1    2.48    0.05    0.09    1.01 ^ _21105_/ZN (AOI221_X1)
                                         _10261_ (net)
                  0.05    0.00    1.01 ^ _21106_/A (AOI21_X1)
     1    1.31    0.02    0.02    1.03 v _21106_/ZN (AOI21_X1)
                                         _10262_ (net)
                  0.02    0.00    1.03 v sa21_sr[5]$_DFF_P_/D (DFF_X1)
                                  1.03   data arrival time

                          0.86    0.86   clock clk (rise edge)
                          0.00    0.86   clock source latency
     1   17.43    0.00    0.00    0.86 ^ clk (in)
                                         clk (net)
                  0.00    0.00    0.86 ^ clkbuf_0_clk/A (CLKBUF_X3)
     8   54.49    0.04    0.07    0.93 ^ clkbuf_0_clk/Z (CLKBUF_X3)
                                         clknet_0_clk (net)
                  0.04    0.00    0.93 ^ clkbuf_3_6__f_clk/A (CLKBUF_X3)
    14   40.72    0.03    0.07    1.00 ^ clkbuf_3_6__f_clk/Z (CLKBUF_X3)
                                         clknet_3_6__leaf_clk (net)
                  0.03    0.00    1.01 ^ clkbuf_leaf_23_clk/A (CLKBUF_X3)
     6   10.73    0.01    0.05    1.05 ^ clkbuf_leaf_23_clk/Z (CLKBUF_X3)
                                         clknet_leaf_23_clk (net)
                  0.01    0.00    1.05 ^ sa21_sr[5]$_DFF_P_/CK (DFF_X1)
                          0.00    1.05   clock reconvergence pessimism
                         -0.04    1.01   library setup time
                                  1.01   data required time
-----------------------------------------------------------------------------
                                  1.01   data required time
                                 -1.03   data arrival time
-----------------------------------------------------------------------------
                                 -0.01   slack (VIOLATED)



==========================================================================
finish report_checks -unconstrained
--------------------------------------------------------------------------
Startpoint: sa33_sr[7]$_DFF_P_ (rising edge-triggered flip-flop clocked by clk)
Endpoint: sa21_sr[5]$_DFF_P_ (rising edge-triggered flip-flop clocked by clk)
Path Group: clk
Path Type: max

Fanout     Cap    Slew   Delay    Time   Description
-----------------------------------------------------------------------------
                          0.00    0.00   clock clk (rise edge)
                          0.00    0.00   clock source latency
     1   17.43    0.00    0.00    0.00 ^ clk (in)
                                         clk (net)
                  0.00    0.00    0.00 ^ clkbuf_0_clk/A (CLKBUF_X3)
     8   54.49    0.04    0.07    0.07 ^ clkbuf_0_clk/Z (CLKBUF_X3)
                                         clknet_0_clk (net)
                  0.04    0.00    0.07 ^ clkbuf_3_3__f_clk/A (CLKBUF_X3)
    11   51.77    0.04    0.08    0.15 ^ clkbuf_3_3__f_clk/Z (CLKBUF_X3)
                                         clknet_3_3__leaf_clk (net)
                  0.04    0.00    0.16 ^ clkbuf_leaf_7_clk/A (CLKBUF_X3)
     6   12.30    0.01    0.05    0.20 ^ clkbuf_leaf_7_clk/Z (CLKBUF_X3)
                                         clknet_leaf_7_clk (net)
                  0.01    0.00    0.21 ^ sa33_sr[7]$_DFF_P_/CK (DFF_X1)
     7   25.39    0.06    0.14    0.35 ^ sa33_sr[7]$_DFF_P_/Q (DFF_X1)
                                         _00865_ (net)
                  0.06    0.00    0.35 ^ _22346_/A (XNOR2_X1)
     3    8.43    0.05    0.07    0.42 ^ _22346_/ZN (XNOR2_X1)
                                         _11502_ (net)
                  0.05    0.00    0.42 ^ _20640_/B (XNOR2_X1)
     1    2.89    0.02    0.05    0.47 ^ _20640_/ZN (XNOR2_X1)
                                         _09796_ (net)
                  0.02    0.00    0.47 ^ _20641_/B (XNOR2_X1)
     1    1.07    0.02    0.04    0.51 ^ _20641_/ZN (XNOR2_X1)
                                         _09797_ (net)
                  0.02    0.00    0.51 ^ _20642_/A (MUX2_X1)
     2   14.10    0.03    0.07    0.58 ^ _20642_/Z (MUX2_X1)
                                         _09798_ (net)
                  0.03    0.00    0.58 ^ _20644_/B (XOR2_X2)
    16   33.64    0.09    0.13    0.71 ^ _20644_/Z (XOR2_X2)
                                         _09800_ (net)
                  0.09    0.00    0.71 ^ place5331/A (BUF_X1)
     9   18.38    0.04    0.07    0.78 ^ place5331/Z (BUF_X1)
                                         net5331 (net)
                  0.04    0.00    0.78 ^ _20731_/A1 (NAND2_X1)
     2    2.54    0.01    0.02    0.81 v _20731_/ZN (NAND2_X1)
                                         _09887_ (net)
                  0.01    0.00    0.81 v place4658/A (BUF_X1)
     4    8.19    0.01    0.04    0.85 v place4658/Z (BUF_X1)
                                         net4658 (net)
                  0.01    0.00    0.85 v _21091_/B2 (OAI22_X1)
     1    2.50    0.03    0.05    0.89 ^ _21091_/ZN (OAI22_X1)
                                         _10247_ (net)
                  0.03    0.00    0.89 ^ _21092_/B1 (AOI22_X1)
     1    1.60    0.02    0.03    0.92 v _21092_/ZN (AOI22_X1)
                                         _10248_ (net)
                  0.02    0.00    0.92 v _21105_/B2 (AOI221_X1)
     1    2.48    0.05    0.09    1.01 ^ _21105_/ZN (AOI221_X1)
                                         _10261_ (net)
                  0.05    0.00    1.01 ^ _21106_/A (AOI21_X1)
     1    1.31    0.02    0.02    1.03 v _21106_/ZN (AOI21_X1)
                                         _10262_ (net)
                  0.02    0.00    1.03 v sa21_sr[5]$_DFF_P_/D (DFF_X1)
                                  1.03   data arrival time

                          0.86    0.86   clock clk (rise edge)
                          0.00    0.86   clock source latency
     1   17.43    0.00    0.00    0.86 ^ clk (in)
                                         clk (net)
                  0.00    0.00    0.86 ^ clkbuf_0_clk/A (CLKBUF_X3)
     8   54.49    0.04    0.07    0.93 ^ clkbuf_0_clk/Z (CLKBUF_X3)
                                         clknet_0_clk (net)
                  0.04    0.00    0.93 ^ clkbuf_3_6__f_clk/A (CLKBUF_X3)
    14   40.72    0.03    0.07    1.00 ^ clkbuf_3_6__f_clk/Z (CLKBUF_X3)
                                         clknet_3_6__leaf_clk (net)
                  0.03    0.00    1.01 ^ clkbuf_leaf_23_clk/A (CLKBUF_X3)
     6   10.73    0.01    0.05    1.05 ^ clkbuf_leaf_23_clk/Z (CLKBUF_X3)
                                         clknet_leaf_23_clk (net)
                  0.01    0.00    1.05 ^ sa21_sr[5]$_DFF_P_/CK (DFF_X1)
                          0.00    1.05   clock reconvergence pessimism
                         -0.04    1.01   library setup time
                                  1.01   data required time
-----------------------------------------------------------------------------
                                  1.01   data required time
                                 -1.03   data arrival time
-----------------------------------------------------------------------------
                                 -0.01   slack (VIOLATED)



==========================================================================
finish report_check_types -max_slew -max_cap -max_fanout -violators
--------------------------------------------------------------------------

==========================================================================
finish max_slew_check_slack
--------------------------------------------------------------------------
0.07604081183671951

==========================================================================
finish max_slew_check_limit
--------------------------------------------------------------------------
0.1985349953174591

==========================================================================
finish max_slew_check_slack_limit
--------------------------------------------------------------------------
0.3830

==========================================================================
finish max_fanout_check_slack
--------------------------------------------------------------------------
1.0000000150474662e+30

==========================================================================
finish max_fanout_check_limit
--------------------------------------------------------------------------
1.0000000150474662e+30

==========================================================================
finish max_capacitance_check_slack
--------------------------------------------------------------------------
3.416851282119751

==========================================================================
finish max_capacitance_check_limit
--------------------------------------------------------------------------
26.702899932861328

==========================================================================
finish max_capacitance_check_slack_limit
--------------------------------------------------------------------------
0.1280

==========================================================================
finish max_slew_violation_count
--------------------------------------------------------------------------
max slew violation count 0

==========================================================================
finish max_fanout_violation_count
--------------------------------------------------------------------------
max fanout violation count 0

==========================================================================
finish max_cap_violation_count
--------------------------------------------------------------------------
max cap violation count 0

==========================================================================
finish setup_violation_count
--------------------------------------------------------------------------
setup violation count 10

==========================================================================
finish hold_violation_count
--------------------------------------------------------------------------
hold violation count 0

==========================================================================
finish report_checks -path_delay max reg to reg
--------------------------------------------------------------------------
Startpoint: sa33_sr[7]$_DFF_P_ (rising edge-triggered flip-flop clocked by clk)
Endpoint: sa21_sr[5]$_DFF_P_ (rising edge-triggered flip-flop clocked by clk)
Path Group: clk
Path Type: max

  Delay    Time   Description
---------------------------------------------------------
   0.00    0.00   clock clk (rise edge)
   0.00    0.00   clock source latency
   0.00    0.00 ^ clk (in)
   0.07    0.07 ^ clkbuf_0_clk/Z (CLKBUF_X3)
   0.08    0.15 ^ clkbuf_3_3__f_clk/Z (CLKBUF_X3)
   0.05    0.20 ^ clkbuf_leaf_7_clk/Z (CLKBUF_X3)
   0.00    0.21 ^ sa33_sr[7]$_DFF_P_/CK (DFF_X1)
   0.14    0.35 ^ sa33_sr[7]$_DFF_P_/Q (DFF_X1)
   0.07    0.42 ^ _22346_/ZN (XNOR2_X1)
   0.05    0.47 ^ _20640_/ZN (XNOR2_X1)
   0.04    0.51 ^ _20641_/ZN (XNOR2_X1)
   0.07    0.58 ^ _20642_/Z (MUX2_X1)
   0.13    0.71 ^ _20644_/Z (XOR2_X2)
   0.08    0.78 ^ place5331/Z (BUF_X1)
   0.02    0.81 v _20731_/ZN (NAND2_X1)
   0.04    0.85 v place4658/Z (BUF_X1)
   0.05    0.89 ^ _21091_/ZN (OAI22_X1)
   0.03    0.92 v _21092_/ZN (AOI22_X1)
   0.09    1.01 ^ _21105_/ZN (AOI221_X1)
   0.02    1.03 v _21106_/ZN (AOI21_X1)
   0.00    1.03 v sa21_sr[5]$_DFF_P_/D (DFF_X1)
           1.03   data arrival time

   0.86    0.86   clock clk (rise edge)
   0.00    0.86   clock source latency
   0.00    0.86 ^ clk (in)
   0.07    0.93 ^ clkbuf_0_clk/Z (CLKBUF_X3)
   0.08    1.00 ^ clkbuf_3_6__f_clk/Z (CLKBUF_X3)
   0.05    1.05 ^ clkbuf_leaf_23_clk/Z (CLKBUF_X3)
   0.00    1.05 ^ sa21_sr[5]$_DFF_P_/CK (DFF_X1)
   0.00    1.05   clock reconvergence pessimism
  -0.04    1.01   library setup time
           1.01   data required time
---------------------------------------------------------
           1.01   data required time
          -1.03   data arrival time
---------------------------------------------------------
          -0.01   slack (VIOLATED)



==========================================================================
finish report_checks -path_delay min reg to reg
--------------------------------------------------------------------------
Startpoint: u0.r0.rcnt[0]$_SDFF_PP0_
            (rising edge-triggered flip-flop clocked by clk)
Endpoint: u0.r0.out[25]$_SDFF_PP0_
          (rising edge-triggered flip-flop clocked by clk)
Path Group: clk
Path Type: min

  Delay    Time   Description
---------------------------------------------------------
   0.00    0.00   clock clk (rise edge)
   0.00    0.00   clock source latency
   0.00    0.00 ^ clk (in)
   0.07    0.07 ^ clkbuf_0_clk/Z (CLKBUF_X3)
   0.08    0.15 ^ clkbuf_3_0__f_clk/Z (CLKBUF_X3)
   0.05    0.19 ^ clkbuf_leaf_75_clk/Z (CLKBUF_X3)
   0.00    0.19 ^ u0.r0.rcnt[0]$_SDFF_PP0_/CK (DFF_X1)
   0.07    0.27 v u0.r0.rcnt[0]$_SDFF_PP0_/QN (DFF_X1)
   0.02    0.29 ^ _14521_/ZN (INV_X1)
   0.02    0.31 v _22062_/ZN (AOI21_X1)
   0.00    0.31 v u0.r0.out[25]$_SDFF_PP0_/D (DFF_X1)
           0.31   data arrival time

   0.00    0.00   clock clk (rise edge)
   0.00    0.00   clock source latency
   0.00    0.00 ^ clk (in)
   0.07    0.07 ^ clkbuf_0_clk/Z (CLKBUF_X3)
   0.09    0.16 ^ clkbuf_3_4__f_clk/Z (CLKBUF_X3)
   0.05    0.21 ^ clkbuf_leaf_79_clk/Z (CLKBUF_X3)
   0.00    0.21 ^ u0.r0.out[25]$_SDFF_PP0_/CK (DFF_X1)
   0.00    0.21   clock reconvergence pessimism
   0.00    0.21   library hold time
           0.21   data required time
---------------------------------------------------------
           0.21   data required time
          -0.31   data arrival time
---------------------------------------------------------
           0.10   slack (MET)



==========================================================================
finish critical path target clock latency max path
--------------------------------------------------------------------------
0.1928

==========================================================================
finish critical path target clock latency min path
--------------------------------------------------------------------------
0.2011

==========================================================================
finish critical path source clock latency min path
--------------------------------------------------------------------------
0.0000

==========================================================================
finish critical path delay
--------------------------------------------------------------------------
1.0268

==========================================================================
finish critical path slack
--------------------------------------------------------------------------
-0.0142

==========================================================================
finish slack div critical path delay
--------------------------------------------------------------------------
-1.382937

==========================================================================
finish report_power
--------------------------------------------------------------------------
Group                  Internal  Switching    Leakage      Total
                          Power      Power      Power      Power (Watts)
----------------------------------------------------------------
Sequential             9.02e-03   2.93e-03   4.45e-05   1.20e-02   3.0%
Combinational          1.72e-01   2.10e-01   3.92e-04   3.82e-01  96.1%
Clock                  1.69e-03   1.95e-03   5.24e-06   3.65e-03   0.9%
Macro                  0.00e+00   0.00e+00   0.00e+00   0.00e+00   0.0%
Pad                    0.00e+00   0.00e+00   0.00e+00   0.00e+00   0.0%
----------------------------------------------------------------
Total                  1.82e-01   2.15e-01   4.42e-04   3.98e-01 100.0%
                          45.8%      54.1%       0.1%
